-------------------------------------------------------------------------------
Test set: ComprasTest
-------------------------------------------------------------------------------
Tests run: 1, Failures: 1, Errors: 0, Skipped: 0, Time elapsed: 25.904 s <<< FAILURE! - in ComprasTest
method  Time elapsed: 25.898 s  <<< FAILURE!
java.lang.AssertionError: Error: No regreso nada el servicio
	at com.stage.api.ms.entity.ComprasTest.method(ComprasTest.java:62)

