-------------------------------------------------------------------------------
Test set: SamsTest
-------------------------------------------------------------------------------
Tests run: 1, Failures: 1, Errors: 0, Skipped: 0, Time elapsed: 2.454 s <<< FAILURE! - in SamsTest
method  Time elapsed: 2.452 s  <<< FAILURE!
java.lang.AssertionError: Error: No regreso nada el servicio
	at com.stage.api.ms.entity.SamsTest.method(SamsTest.java:103)

