<?xml version="1.0" encoding="UTF-8"?>
<testsuite xmlns:xsi="http://www.w3.org/2001/XMLSchema-instance" xsi:noNamespaceSchemaLocation="https://maven.apache.org/surefire/maven-surefire-plugin/xsd/surefire-test-report.xsd" name="SamsTest" time="2.454" tests="1" errors="0" skipped="0" failures="1">
  <properties>
[...]
</properties>
  <testcase name="method" classname="com.stage.api.ms.entity.SamsTest" time="2.452">
    <failure message="Error: No regreso nada el servicio" type="java.lang.AssertionError">java.lang.AssertionError: Error: No regreso nada el servicio
	at com.stage.api.ms.entity.SamsTest.method(SamsTest.java:103)
</failure>
    <system-out><![CDATA[https://www.sams.com.mx/search/Ntt=pantalla
]]></system-out>
    <system-err><![CDATA[May 01, 2019 1:58:55 PM com.gargoylesoftware.htmlunit.IncorrectnessListenerImpl notify
WARNING: Obsolete content type encountered: 'text/javascript'.
May 01, 2019 1:58:56 PM com.gargoylesoftware.htmlunit.javascript.StrictErrorReporter runtimeError
SEVERE: runtimeError: message=['set onerror' called on an object that does not implement interface XMLHttpRequest] sourceName=[https://www.sams.com.mx:443/sams/ruxitagentjs_ICA27SVfjqrx_10159190301093720.js] line=[271] lineSource=[null] lineOffset=[0]
May 01, 2019 1:58:56 PM com.gargoylesoftware.htmlunit.javascript.StrictErrorReporter runtimeError
SEVERE: runtimeError: message=['set onreadystatechange' called on an object that does not implement interface XMLHttpRequest] sourceName=[https://www.sams.com.mx:443/sams/ruxitagentjs_ICA27SVfjqrx_10159190301093720.js] line=[271] lineSource=[null] lineOffset=[0]
May 01, 2019 1:58:56 PM com.gargoylesoftware.htmlunit.javascript.StrictErrorReporter runtimeError
SEVERE: runtimeError: message=['set withCredentials' called on an object that does not implement interface XMLHttpRequest] sourceName=[https://www.sams.com.mx:443/sams/ruxitagentjs_ICA27SVfjqrx_10159190301093720.js] line=[271] lineSource=[null] lineOffset=[0]
May 01, 2019 1:58:56 PM com.gargoylesoftware.htmlunit.javascript.StrictErrorReporter runtimeError
SEVERE: runtimeError: message=['set onload' called on an object that does not implement interface XMLHttpRequest] sourceName=[https://www.sams.com.mx:443/sams/ruxitagentjs_ICA27SVfjqrx_10159190301093720.js] line=[271] lineSource=[null] lineOffset=[0]
May 01, 2019 1:58:56 PM com.gargoylesoftware.htmlunit.javascript.host.css.CSSStyleSheet loadStylesheet
SEVERE: RuntimeException loading https://www.sams.com.mx/search/Ntt=pantalla
======= EXCEPTION START ========
EcmaError: lineNumber=[0] column=[0] lineSource=[function () {] name=[ReferenceError] sourceName=[load event for HtmlLink[<link rel="stylesheet" href="/19.4.1/css/fonts.css" media="none" onload="if(media!='all')media='all'">] in https://www.sams.com.mx/search/Ntt=pantalla] message=[ReferenceError: "media" is not defined.]
com.gargoylesoftware.htmlunit.ScriptException: ReferenceError: "media" is not defined.
	at com.gargoylesoftware.htmlunit.javascript.JavaScriptEngine$HtmlUnitContextAction.run(JavaScriptEngine.java:885)
	at net.sourceforge.htmlunit.corejs.javascript.Context.call(Context.java:617)
	at net.sourceforge.htmlunit.corejs.javascript.ContextFactory.call(ContextFactory.java:534)
	at com.gargoylesoftware.htmlunit.javascript.JavaScriptEngine.callFunction(JavaScriptEngine.java:814)
	at com.gargoylesoftware.htmlunit.javascript.JavaScriptEngine.callFunction(JavaScriptEngine.java:786)
	at com.gargoylesoftware.htmlunit.html.HtmlPage.executeJavaScriptFunction(HtmlPage.java:2533)
	at com.gargoylesoftware.htmlunit.html.HtmlPage.executeJavaScriptFunction(HtmlPage.java:2526)
	at com.gargoylesoftware.htmlunit.javascript.host.event.EventListenersContainer.executeEventListeners(EventListenersContainer.java:342)
	at com.gargoylesoftware.htmlunit.javascript.host.event.EventListenersContainer.executeAtTargetListeners(EventListenersContainer.java:379)
	at com.gargoylesoftware.htmlunit.javascript.host.event.EventTarget.executeEventLocally(EventTarget.java:100)
	at com.gargoylesoftware.htmlunit.html.HtmlLink.executeEvent(HtmlLink.java:262)
	at com.gargoylesoftware.htmlunit.html.HtmlLink.getWebResponse(HtmlLink.java:206)
	at com.gargoylesoftware.htmlunit.javascript.host.css.CSSStyleSheet.loadStylesheet(CSSStyleSheet.java:285)
	at com.gargoylesoftware.htmlunit.html.HtmlLink$1.execute(HtmlLink.java:286)
	at com.gargoylesoftware.htmlunit.html.HtmlLink.onAllChildrenAddedToPage(HtmlLink.java:296)
	at com.gargoylesoftware.htmlunit.html.HTMLParser$HtmlUnitDOMBuilder.endElement(HTMLParser.java:799)
	at org.apache.xerces.parsers.AbstractSAXParser.endElement(Unknown Source)
	at com.gargoylesoftware.htmlunit.html.HTMLParser$HtmlUnitDOMBuilder.endElement(HTMLParser.java:755)
	at org.apache.xerces.parsers.AbstractXMLDocumentParser.emptyElement(Unknown Source)
	at net.sourceforge.htmlunit.cyberneko.HTMLTagBalancer.startElement(HTMLTagBalancer.java:779)
	at net.sourceforge.htmlunit.cyberneko.HTMLTagBalancer.emptyElement(HTMLTagBalancer.java:827)
	at net.sourceforge.htmlunit.cyberneko.filters.DefaultFilter.emptyElement(DefaultFilter.java:149)
	at net.sourceforge.htmlunit.cyberneko.filters.NamespaceBinder.emptyElement(NamespaceBinder.java:293)
	at net.sourceforge.htmlunit.cyberneko.HTMLScanner$ContentScanner.scanStartElement(HTMLScanner.java:2772)
	at net.sourceforge.htmlunit.cyberneko.HTMLScanner$ContentScanner.scan(HTMLScanner.java:2110)
	at net.sourceforge.htmlunit.cyberneko.HTMLScanner.scanDocument(HTMLScanner.java:937)
	at net.sourceforge.htmlunit.cyberneko.HTMLConfiguration.parse(HTMLConfiguration.java:450)
	at net.sourceforge.htmlunit.cyberneko.HTMLConfiguration.parse(HTMLConfiguration.java:401)
	at org.apache.xerces.parsers.XMLParser.parse(Unknown Source)
	at com.gargoylesoftware.htmlunit.html.HTMLParser$HtmlUnitDOMBuilder.parse(HTMLParser.java:998)
	at com.gargoylesoftware.htmlunit.html.HTMLParser.parse(HTMLParser.java:252)
	at com.gargoylesoftware.htmlunit.html.HTMLParser.parseHtml(HTMLParser.java:196)
	at com.gargoylesoftware.htmlunit.DefaultPageCreator.createHtmlPage(DefaultPageCreator.java:268)
	at com.gargoylesoftware.htmlunit.DefaultPageCreator.createPage(DefaultPageCreator.java:159)
	at com.gargoylesoftware.htmlunit.WebClient.loadWebResponseInto(WebClient.java:531)
	at com.gargoylesoftware.htmlunit.WebClient.getPage(WebClient.java:398)
	at com.gargoylesoftware.htmlunit.WebClient.getPage(WebClient.java:315)
	at com.gargoylesoftware.htmlunit.WebClient.getPage(WebClient.java:466)
	at com.gargoylesoftware.htmlunit.WebClient.getPage(WebClient.java:448)
	at com.supermarket.Sams.search(Sams.java:41)
	at com.aws.Configuration.execute(Configuration.java:87)
	at com.stage.api.ms.entity.SamsTest.method(SamsTest.java:68)
	at sun.reflect.NativeMethodAccessorImpl.invoke0(Native Method)
	at sun.reflect.NativeMethodAccessorImpl.invoke(NativeMethodAccessorImpl.java:62)
	at sun.reflect.DelegatingMethodAccessorImpl.invoke(DelegatingMethodAccessorImpl.java:43)
	at java.lang.reflect.Method.invoke(Method.java:498)
	at org.junit.runners.model.FrameworkMethod$1.runReflectiveCall(FrameworkMethod.java:50)
	at org.junit.internal.runners.model.ReflectiveCallable.run(ReflectiveCallable.java:12)
	at org.junit.runners.model.FrameworkMethod.invokeExplosively(FrameworkMethod.java:47)
	at org.junit.internal.runners.statements.InvokeMethod.evaluate(InvokeMethod.java:17)
	at org.junit.internal.runners.statements.RunBefores.evaluate(RunBefores.java:26)
	at org.junit.runners.ParentRunner.runLeaf(ParentRunner.java:325)
	at org.junit.runners.BlockJUnit4ClassRunner.runChild(BlockJUnit4ClassRunner.java:78)
	at org.junit.runners.BlockJUnit4ClassRunner.runChild(BlockJUnit4ClassRunner.java:57)
	at org.junit.runners.ParentRunner$3.run(ParentRunner.java:290)
	at org.junit.runners.ParentRunner$1.schedule(ParentRunner.java:71)
	at org.junit.runners.ParentRunner.runChildren(ParentRunner.java:288)
	at org.junit.runners.ParentRunner.access$000(ParentRunner.java:58)
	at org.junit.runners.ParentRunner$2.evaluate(ParentRunner.java:268)
	at org.junit.runners.ParentRunner.run(ParentRunner.java:363)
	at org.junit.runner.JUnitCore.run(JUnitCore.java:137)
	at org.junit.runner.JUnitCore.run(JUnitCore.java:115)
	at org.junit.vintage.engine.execution.RunnerExecutor.execute(RunnerExecutor.java:39)
	at java.util.stream.ForEachOps$ForEachOp$OfRef.accept(ForEachOps.java:184)
	at java.util.stream.ReferencePipeline$3$1.accept(ReferencePipeline.java:193)
	at java.util.Iterator.forEachRemaining(Iterator.java:116)
	at java.util.Spliterators$IteratorSpliterator.forEachRemaining(Spliterators.java:1801)
	at java.util.stream.AbstractPipeline.copyInto(AbstractPipeline.java:481)
	at java.util.stream.AbstractPipeline.wrapAndCopyInto(AbstractPipeline.java:471)
	at java.util.stream.ForEachOps$ForEachOp.evaluateSequential(ForEachOps.java:151)
	at java.util.stream.ForEachOps$ForEachOp$OfRef.evaluateSequential(ForEachOps.java:174)
	at java.util.stream.AbstractPipeline.evaluate(AbstractPipeline.java:234)
	at java.util.stream.ReferencePipeline.forEach(ReferencePipeline.java:418)
	at org.junit.vintage.engine.VintageTestEngine.executeAllChildren(VintageTestEngine.java:79)
	at org.junit.vintage.engine.VintageTestEngine.execute(VintageTestEngine.java:70)
	at org.junit.platform.launcher.core.DefaultLauncher.execute(DefaultLauncher.java:220)
	at org.junit.platform.launcher.core.DefaultLauncher.lambda$execute$6(DefaultLauncher.java:188)
	at org.junit.platform.launcher.core.DefaultLauncher.withInterceptedStreams(DefaultLauncher.java:202)
	at org.junit.platform.launcher.core.DefaultLauncher.execute(DefaultLauncher.java:181)
	at org.junit.platform.launcher.core.DefaultLauncher.execute(DefaultLauncher.java:128)
	at org.apache.maven.surefire.junitplatform.JUnitPlatformProvider.invokeAllTests(JUnitPlatformProvider.java:142)
	at org.apache.maven.surefire.junitplatform.JUnitPlatformProvider.invoke(JUnitPlatformProvider.java:117)
	at org.apache.maven.surefire.booter.ForkedBooter.invokeProviderInSameClassLoader(ForkedBooter.java:384)
	at org.apache.maven.surefire.booter.ForkedBooter.runSuitesInProcess(ForkedBooter.java:345)
	at org.apache.maven.surefire.booter.ForkedBooter.execute(ForkedBooter.java:126)
	at org.apache.maven.surefire.booter.ForkedBooter.main(ForkedBooter.java:418)
Caused by: net.sourceforge.htmlunit.corejs.javascript.EcmaError: ReferenceError: "media" is not defined.
	at net.sourceforge.htmlunit.corejs.javascript.ScriptRuntime.constructError(ScriptRuntime.java:4325)
	at net.sourceforge.htmlunit.corejs.javascript.ScriptRuntime.constructError(ScriptRuntime.java:4303)
	at net.sourceforge.htmlunit.corejs.javascript.ScriptRuntime.notFoundError(ScriptRuntime.java:4397)
	at net.sourceforge.htmlunit.corejs.javascript.ScriptRuntime.nameOrFunction(ScriptRuntime.java:2001)
	at net.sourceforge.htmlunit.corejs.javascript.ScriptRuntime.name(ScriptRuntime.java:1940)
	at net.sourceforge.htmlunit.corejs.javascript.Interpreter.interpretLoop(Interpreter.java:1752)
	at net.sourceforge.htmlunit.corejs.javascript.Interpreter.interpret(Interpreter.java:1010)
	at net.sourceforge.htmlunit.corejs.javascript.InterpretedFunction.call(InterpretedFunction.java:111)
	at com.gargoylesoftware.htmlunit.javascript.host.event.EventHandler.call(EventHandler.java:72)
	at net.sourceforge.htmlunit.corejs.javascript.ContextFactory.doTopCall(ContextFactory.java:424)
	at com.gargoylesoftware.htmlunit.javascript.HtmlUnitContextFactory.doTopCall(HtmlUnitContextFactory.java:327)
	at net.sourceforge.htmlunit.corejs.javascript.ScriptRuntime.doTopCall(ScriptRuntime.java:3619)
	at com.gargoylesoftware.htmlunit.javascript.JavaScriptEngine$3.doRun(JavaScriptEngine.java:807)
	at com.gargoylesoftware.htmlunit.javascript.JavaScriptEngine$HtmlUnitContextAction.run(JavaScriptEngine.java:870)
	... 85 more
Enclosed exception: 
net.sourceforge.htmlunit.corejs.javascript.EcmaError: ReferenceError: "media" is not defined.
	at net.sourceforge.htmlunit.corejs.javascript.ScriptRuntime.constructError(ScriptRuntime.java:4325)
	at net.sourceforge.htmlunit.corejs.javascript.ScriptRuntime.constructError(ScriptRuntime.java:4303)
	at net.sourceforge.htmlunit.corejs.javascript.ScriptRuntime.notFoundError(ScriptRuntime.java:4397)
	at net.sourceforge.htmlunit.corejs.javascript.ScriptRuntime.nameOrFunction(ScriptRuntime.java:2001)
	at net.sourceforge.htmlunit.corejs.javascript.ScriptRuntime.name(ScriptRuntime.java:1940)
	at net.sourceforge.htmlunit.corejs.javascript.Interpreter.interpretLoop(Interpreter.java:1752)
	at script.onload(load event for HtmlLink[<link rel="stylesheet" href="/19.4.1/css/fonts.css" media="none" onload="if(media!='all')media='all'">] in https://www.sams.com.mx/search/Ntt=pantalla)
	at net.sourceforge.htmlunit.corejs.javascript.Interpreter.interpret(Interpreter.java:1010)
	at net.sourceforge.htmlunit.corejs.javascript.InterpretedFunction.call(InterpretedFunction.java:111)
	at com.gargoylesoftware.htmlunit.javascript.host.event.EventHandler.call(EventHandler.java:72)
	at net.sourceforge.htmlunit.corejs.javascript.ContextFactory.doTopCall(ContextFactory.java:424)
	at com.gargoylesoftware.htmlunit.javascript.HtmlUnitContextFactory.doTopCall(HtmlUnitContextFactory.java:327)
	at net.sourceforge.htmlunit.corejs.javascript.ScriptRuntime.doTopCall(ScriptRuntime.java:3619)
	at com.gargoylesoftware.htmlunit.javascript.JavaScriptEngine$3.doRun(JavaScriptEngine.java:807)
	at com.gargoylesoftware.htmlunit.javascript.JavaScriptEngine$HtmlUnitContextAction.run(JavaScriptEngine.java:870)
	at net.sourceforge.htmlunit.corejs.javascript.Context.call(Context.java:617)
	at net.sourceforge.htmlunit.corejs.javascript.ContextFactory.call(ContextFactory.java:534)
	at com.gargoylesoftware.htmlunit.javascript.JavaScriptEngine.callFunction(JavaScriptEngine.java:814)
	at com.gargoylesoftware.htmlunit.javascript.JavaScriptEngine.callFunction(JavaScriptEngine.java:786)
	at com.gargoylesoftware.htmlunit.html.HtmlPage.executeJavaScriptFunction(HtmlPage.java:2533)
	at com.gargoylesoftware.htmlunit.html.HtmlPage.executeJavaScriptFunction(HtmlPage.java:2526)
	at com.gargoylesoftware.htmlunit.javascript.host.event.EventListenersContainer.executeEventListeners(EventListenersContainer.java:342)
	at com.gargoylesoftware.htmlunit.javascript.host.event.EventListenersContainer.executeAtTargetListeners(EventListenersContainer.java:379)
	at com.gargoylesoftware.htmlunit.javascript.host.event.EventTarget.executeEventLocally(EventTarget.java:100)
	at com.gargoylesoftware.htmlunit.html.HtmlLink.executeEvent(HtmlLink.java:262)
	at com.gargoylesoftware.htmlunit.html.HtmlLink.getWebResponse(HtmlLink.java:206)
	at com.gargoylesoftware.htmlunit.javascript.host.css.CSSStyleSheet.loadStylesheet(CSSStyleSheet.java:285)
	at com.gargoylesoftware.htmlunit.html.HtmlLink$1.execute(HtmlLink.java:286)
	at com.gargoylesoftware.htmlunit.html.HtmlLink.onAllChildrenAddedToPage(HtmlLink.java:296)
	at com.gargoylesoftware.htmlunit.html.HTMLParser$HtmlUnitDOMBuilder.endElement(HTMLParser.java:799)
	at org.apache.xerces.parsers.AbstractSAXParser.endElement(Unknown Source)
	at com.gargoylesoftware.htmlunit.html.HTMLParser$HtmlUnitDOMBuilder.endElement(HTMLParser.java:755)
	at org.apache.xerces.parsers.AbstractXMLDocumentParser.emptyElement(Unknown Source)
	at net.sourceforge.htmlunit.cyberneko.HTMLTagBalancer.startElement(HTMLTagBalancer.java:779)
	at net.sourceforge.htmlunit.cyberneko.HTMLTagBalancer.emptyElement(HTMLTagBalancer.java:827)
	at net.sourceforge.htmlunit.cyberneko.filters.DefaultFilter.emptyElement(DefaultFilter.java:149)
	at net.sourceforge.htmlunit.cyberneko.filters.NamespaceBinder.emptyElement(NamespaceBinder.java:293)
	at net.sourceforge.htmlunit.cyberneko.HTMLScanner$ContentScanner.scanStartElement(HTMLScanner.java:2772)
	at net.sourceforge.htmlunit.cyberneko.HTMLScanner$ContentScanner.scan(HTMLScanner.java:2110)
	at net.sourceforge.htmlunit.cyberneko.HTMLScanner.scanDocument(HTMLScanner.java:937)
	at net.sourceforge.htmlunit.cyberneko.HTMLConfiguration.parse(HTMLConfiguration.java:450)
	at net.sourceforge.htmlunit.cyberneko.HTMLConfiguration.parse(HTMLConfiguration.java:401)
	at org.apache.xerces.parsers.XMLParser.parse(Unknown Source)
	at com.gargoylesoftware.htmlunit.html.HTMLParser$HtmlUnitDOMBuilder.parse(HTMLParser.java:998)
	at com.gargoylesoftware.htmlunit.html.HTMLParser.parse(HTMLParser.java:252)
	at com.gargoylesoftware.htmlunit.html.HTMLParser.parseHtml(HTMLParser.java:196)
	at com.gargoylesoftware.htmlunit.DefaultPageCreator.createHtmlPage(DefaultPageCreator.java:268)
	at com.gargoylesoftware.htmlunit.DefaultPageCreator.createPage(DefaultPageCreator.java:159)
	at com.gargoylesoftware.htmlunit.WebClient.loadWebResponseInto(WebClient.java:531)
	at com.gargoylesoftware.htmlunit.WebClient.getPage(WebClient.java:398)
	at com.gargoylesoftware.htmlunit.WebClient.getPage(WebClient.java:315)
	at com.gargoylesoftware.htmlunit.WebClient.getPage(WebClient.java:466)
	at com.gargoylesoftware.htmlunit.WebClient.getPage(WebClient.java:448)
	at com.supermarket.Sams.search(Sams.java:41)
	at com.aws.Configuration.execute(Configuration.java:87)
	at com.stage.api.ms.entity.SamsTest.method(SamsTest.java:68)
	at sun.reflect.NativeMethodAccessorImpl.invoke0(Native Method)
	at sun.reflect.NativeMethodAccessorImpl.invoke(NativeMethodAccessorImpl.java:62)
	at sun.reflect.DelegatingMethodAccessorImpl.invoke(DelegatingMethodAccessorImpl.java:43)
	at java.lang.reflect.Method.invoke(Method.java:498)
	at org.junit.runners.model.FrameworkMethod$1.runReflectiveCall(FrameworkMethod.java:50)
	at org.junit.internal.runners.model.ReflectiveCallable.run(ReflectiveCallable.java:12)
	at org.junit.runners.model.FrameworkMethod.invokeExplosively(FrameworkMethod.java:47)
	at org.junit.internal.runners.statements.InvokeMethod.evaluate(InvokeMethod.java:17)
	at org.junit.internal.runners.statements.RunBefores.evaluate(RunBefores.java:26)
	at org.junit.runners.ParentRunner.runLeaf(ParentRunner.java:325)
	at org.junit.runners.BlockJUnit4ClassRunner.runChild(BlockJUnit4ClassRunner.java:78)
	at org.junit.runners.BlockJUnit4ClassRunner.runChild(BlockJUnit4ClassRunner.java:57)
	at org.junit.runners.ParentRunner$3.run(ParentRunner.java:290)
	at org.junit.runners.ParentRunner$1.schedule(ParentRunner.java:71)
	at org.junit.runners.ParentRunner.runChildren(ParentRunner.java:288)
	at org.junit.runners.ParentRunner.access$000(ParentRunner.java:58)
	at org.junit.runners.ParentRunner$2.evaluate(ParentRunner.java:268)
	at org.junit.runners.ParentRunner.run(ParentRunner.java:363)
	at org.junit.runner.JUnitCore.run(JUnitCore.java:137)
	at org.junit.runner.JUnitCore.run(JUnitCore.java:115)
	at org.junit.vintage.engine.execution.RunnerExecutor.execute(RunnerExecutor.java:39)
	at java.util.stream.ForEachOps$ForEachOp$OfRef.accept(ForEachOps.java:184)
	at java.util.stream.ReferencePipeline$3$1.accept(ReferencePipeline.java:193)
	at java.util.Iterator.forEachRemaining(Iterator.java:116)
	at java.util.Spliterators$IteratorSpliterator.forEachRemaining(Spliterators.java:1801)
	at java.util.stream.AbstractPipeline.copyInto(AbstractPipeline.java:481)
	at java.util.stream.AbstractPipeline.wrapAndCopyInto(AbstractPipeline.java:471)
	at java.util.stream.ForEachOps$ForEachOp.evaluateSequential(ForEachOps.java:151)
	at java.util.stream.ForEachOps$ForEachOp$OfRef.evaluateSequential(ForEachOps.java:174)
	at java.util.stream.AbstractPipeline.evaluate(AbstractPipeline.java:234)
	at java.util.stream.ReferencePipeline.forEach(ReferencePipeline.java:418)
	at org.junit.vintage.engine.VintageTestEngine.executeAllChildren(VintageTestEngine.java:79)
	at org.junit.vintage.engine.VintageTestEngine.execute(VintageTestEngine.java:70)
	at org.junit.platform.launcher.core.DefaultLauncher.execute(DefaultLauncher.java:220)
	at org.junit.platform.launcher.core.DefaultLauncher.lambda$execute$6(DefaultLauncher.java:188)
	at org.junit.platform.launcher.core.DefaultLauncher.withInterceptedStreams(DefaultLauncher.java:202)
	at org.junit.platform.launcher.core.DefaultLauncher.execute(DefaultLauncher.java:181)
	at org.junit.platform.launcher.core.DefaultLauncher.execute(DefaultLauncher.java:128)
	at org.apache.maven.surefire.junitplatform.JUnitPlatformProvider.invokeAllTests(JUnitPlatformProvider.java:142)
	at org.apache.maven.surefire.junitplatform.JUnitPlatformProvider.invoke(JUnitPlatformProvider.java:117)
	at org.apache.maven.surefire.booter.ForkedBooter.invokeProviderInSameClassLoader(ForkedBooter.java:384)
	at org.apache.maven.surefire.booter.ForkedBooter.runSuitesInProcess(ForkedBooter.java:345)
	at org.apache.maven.surefire.booter.ForkedBooter.execute(ForkedBooter.java:126)
	at org.apache.maven.surefire.booter.ForkedBooter.main(ForkedBooter.java:418)
== CALLING JAVASCRIPT ==
function () {
    [native code]
}
======= EXCEPTION END ========

net.sourceforge.htmlunit.corejs.javascript.EvaluatorException: Exception: com.gargoylesoftware.htmlunit.ScriptException: ReferenceError: "media" is not defined.
	at net.sourceforge.htmlunit.corejs.javascript.Context.reportRuntimeError(Context.java:1074)
	at net.sourceforge.htmlunit.corejs.javascript.Context.reportRuntimeError(Context.java:1124)
	at com.gargoylesoftware.htmlunit.javascript.host.css.CSSStyleSheet.loadStylesheet(CSSStyleSheet.java:339)
	at com.gargoylesoftware.htmlunit.html.HtmlLink$1.execute(HtmlLink.java:286)
	at com.gargoylesoftware.htmlunit.html.HtmlLink.onAllChildrenAddedToPage(HtmlLink.java:296)
	at com.gargoylesoftware.htmlunit.html.HTMLParser$HtmlUnitDOMBuilder.endElement(HTMLParser.java:799)
	at org.apache.xerces.parsers.AbstractSAXParser.endElement(Unknown Source)
	at com.gargoylesoftware.htmlunit.html.HTMLParser$HtmlUnitDOMBuilder.endElement(HTMLParser.java:755)
	at org.apache.xerces.parsers.AbstractXMLDocumentParser.emptyElement(Unknown Source)
	at net.sourceforge.htmlunit.cyberneko.HTMLTagBalancer.startElement(HTMLTagBalancer.java:779)
	at net.sourceforge.htmlunit.cyberneko.HTMLTagBalancer.emptyElement(HTMLTagBalancer.java:827)
	at net.sourceforge.htmlunit.cyberneko.filters.DefaultFilter.emptyElement(DefaultFilter.java:149)
	at net.sourceforge.htmlunit.cyberneko.filters.NamespaceBinder.emptyElement(NamespaceBinder.java:293)
	at net.sourceforge.htmlunit.cyberneko.HTMLScanner$ContentScanner.scanStartElement(HTMLScanner.java:2772)
	at net.sourceforge.htmlunit.cyberneko.HTMLScanner$ContentScanner.scan(HTMLScanner.java:2110)
	at net.sourceforge.htmlunit.cyberneko.HTMLScanner.scanDocument(HTMLScanner.java:937)
	at net.sourceforge.htmlunit.cyberneko.HTMLConfiguration.parse(HTMLConfiguration.java:450)
	at net.sourceforge.htmlunit.cyberneko.HTMLConfiguration.parse(HTMLConfiguration.java:401)
	at org.apache.xerces.parsers.XMLParser.parse(Unknown Source)
	at com.gargoylesoftware.htmlunit.html.HTMLParser$HtmlUnitDOMBuilder.parse(HTMLParser.java:998)
	at com.gargoylesoftware.htmlunit.html.HTMLParser.parse(HTMLParser.java:252)
	at com.gargoylesoftware.htmlunit.html.HTMLParser.parseHtml(HTMLParser.java:196)
	at com.gargoylesoftware.htmlunit.DefaultPageCreator.createHtmlPage(DefaultPageCreator.java:268)
	at com.gargoylesoftware.htmlunit.DefaultPageCreator.createPage(DefaultPageCreator.java:159)
	at com.gargoylesoftware.htmlunit.WebClient.loadWebResponseInto(WebClient.java:531)
	at com.gargoylesoftware.htmlunit.WebClient.getPage(WebClient.java:398)
	at com.gargoylesoftware.htmlunit.WebClient.getPage(WebClient.java:315)
	at com.gargoylesoftware.htmlunit.WebClient.getPage(WebClient.java:466)
	at com.gargoylesoftware.htmlunit.WebClient.getPage(WebClient.java:448)
	at com.supermarket.Sams.search(Sams.java:41)
	at com.aws.Configuration.execute(Configuration.java:87)
	at com.stage.api.ms.entity.SamsTest.method(SamsTest.java:68)
	at sun.reflect.NativeMethodAccessorImpl.invoke0(Native Method)
	at sun.reflect.NativeMethodAccessorImpl.invoke(NativeMethodAccessorImpl.java:62)
	at sun.reflect.DelegatingMethodAccessorImpl.invoke(DelegatingMethodAccessorImpl.java:43)
	at java.lang.reflect.Method.invoke(Method.java:498)
	at org.junit.runners.model.FrameworkMethod$1.runReflectiveCall(FrameworkMethod.java:50)
	at org.junit.internal.runners.model.ReflectiveCallable.run(ReflectiveCallable.java:12)
	at org.junit.runners.model.FrameworkMethod.invokeExplosively(FrameworkMethod.java:47)
	at org.junit.internal.runners.statements.InvokeMethod.evaluate(InvokeMethod.java:17)
	at org.junit.internal.runners.statements.RunBefores.evaluate(RunBefores.java:26)
	at org.junit.runners.ParentRunner.runLeaf(ParentRunner.java:325)
	at org.junit.runners.BlockJUnit4ClassRunner.runChild(BlockJUnit4ClassRunner.java:78)
	at org.junit.runners.BlockJUnit4ClassRunner.runChild(BlockJUnit4ClassRunner.java:57)
	at org.junit.runners.ParentRunner$3.run(ParentRunner.java:290)
	at org.junit.runners.ParentRunner$1.schedule(ParentRunner.java:71)
	at org.junit.runners.ParentRunner.runChildren(ParentRunner.java:288)
	at org.junit.runners.ParentRunner.access$000(ParentRunner.java:58)
	at org.junit.runners.ParentRunner$2.evaluate(ParentRunner.java:268)
	at org.junit.runners.ParentRunner.run(ParentRunner.java:363)
	at org.junit.runner.JUnitCore.run(JUnitCore.java:137)
	at org.junit.runner.JUnitCore.run(JUnitCore.java:115)
	at org.junit.vintage.engine.execution.RunnerExecutor.execute(RunnerExecutor.java:39)
	at java.util.stream.ForEachOps$ForEachOp$OfRef.accept(ForEachOps.java:184)
	at java.util.stream.ReferencePipeline$3$1.accept(ReferencePipeline.java:193)
	at java.util.Iterator.forEachRemaining(Iterator.java:116)
	at java.util.Spliterators$IteratorSpliterator.forEachRemaining(Spliterators.java:1801)
	at java.util.stream.AbstractPipeline.copyInto(AbstractPipeline.java:481)
	at java.util.stream.AbstractPipeline.wrapAndCopyInto(AbstractPipeline.java:471)
	at java.util.stream.ForEachOps$ForEachOp.evaluateSequential(ForEachOps.java:151)
	at java.util.stream.ForEachOps$ForEachOp$OfRef.evaluateSequential(ForEachOps.java:174)
	at java.util.stream.AbstractPipeline.evaluate(AbstractPipeline.java:234)
	at java.util.stream.ReferencePipeline.forEach(ReferencePipeline.java:418)
	at org.junit.vintage.engine.VintageTestEngine.executeAllChildren(VintageTestEngine.java:79)
	at org.junit.vintage.engine.VintageTestEngine.execute(VintageTestEngine.java:70)
	at org.junit.platform.launcher.core.DefaultLauncher.execute(DefaultLauncher.java:220)
	at org.junit.platform.launcher.core.DefaultLauncher.lambda$execute$6(DefaultLauncher.java:188)
	at org.junit.platform.launcher.core.DefaultLauncher.withInterceptedStreams(DefaultLauncher.java:202)
	at org.junit.platform.launcher.core.DefaultLauncher.execute(DefaultLauncher.java:181)
	at org.junit.platform.launcher.core.DefaultLauncher.execute(DefaultLauncher.java:128)
	at org.apache.maven.surefire.junitplatform.JUnitPlatformProvider.invokeAllTests(JUnitPlatformProvider.java:142)
	at org.apache.maven.surefire.junitplatform.JUnitPlatformProvider.invoke(JUnitPlatformProvider.java:117)
	at org.apache.maven.surefire.booter.ForkedBooter.invokeProviderInSameClassLoader(ForkedBooter.java:384)
	at org.apache.maven.surefire.booter.ForkedBooter.runSuitesInProcess(ForkedBooter.java:345)
	at org.apache.maven.surefire.booter.ForkedBooter.execute(ForkedBooter.java:126)
	at org.apache.maven.surefire.booter.ForkedBooter.main(ForkedBooter.java:418)
java.lang.NullPointerException
	at com.supermarket.Sams.search(Sams.java:48)
	at com.aws.Configuration.execute(Configuration.java:87)
	at com.stage.api.ms.entity.SamsTest.method(SamsTest.java:68)
	at sun.reflect.NativeMethodAccessorImpl.invoke0(Native Method)
	at sun.reflect.NativeMethodAccessorImpl.invoke(NativeMethodAccessorImpl.java:62)
	at sun.reflect.DelegatingMethodAccessorImpl.invoke(DelegatingMethodAccessorImpl.java:43)
	at java.lang.reflect.Method.invoke(Method.java:498)
	at org.junit.runners.model.FrameworkMethod$1.runReflectiveCall(FrameworkMethod.java:50)
	at org.junit.internal.runners.model.ReflectiveCallable.run(ReflectiveCallable.java:12)
	at org.junit.runners.model.FrameworkMethod.invokeExplosively(FrameworkMethod.java:47)
	at org.junit.internal.runners.statements.InvokeMethod.evaluate(InvokeMethod.java:17)
	at org.junit.internal.runners.statements.RunBefores.evaluate(RunBefores.java:26)
	at org.junit.runners.ParentRunner.runLeaf(ParentRunner.java:325)
	at org.junit.runners.BlockJUnit4ClassRunner.runChild(BlockJUnit4ClassRunner.java:78)
	at org.junit.runners.BlockJUnit4ClassRunner.runChild(BlockJUnit4ClassRunner.java:57)
	at org.junit.runners.ParentRunner$3.run(ParentRunner.java:290)
	at org.junit.runners.ParentRunner$1.schedule(ParentRunner.java:71)
	at org.junit.runners.ParentRunner.runChildren(ParentRunner.java:288)
	at org.junit.runners.ParentRunner.access$000(ParentRunner.java:58)
	at org.junit.runners.ParentRunner$2.evaluate(ParentRunner.java:268)
	at org.junit.runners.ParentRunner.run(ParentRunner.java:363)
	at org.junit.runner.JUnitCore.run(JUnitCore.java:137)
	at org.junit.runner.JUnitCore.run(JUnitCore.java:115)
	at org.junit.vintage.engine.execution.RunnerExecutor.execute(RunnerExecutor.java:39)
	at java.util.stream.ForEachOps$ForEachOp$OfRef.accept(ForEachOps.java:184)
	at java.util.stream.ReferencePipeline$3$1.accept(ReferencePipeline.java:193)
	at java.util.Iterator.forEachRemaining(Iterator.java:116)
	at java.util.Spliterators$IteratorSpliterator.forEachRemaining(Spliterators.java:1801)
	at java.util.stream.AbstractPipeline.copyInto(AbstractPipeline.java:481)
	at java.util.stream.AbstractPipeline.wrapAndCopyInto(AbstractPipeline.java:471)
	at java.util.stream.ForEachOps$ForEachOp.evaluateSequential(ForEachOps.java:151)
	at java.util.stream.ForEachOps$ForEachOp$OfRef.evaluateSequential(ForEachOps.java:174)
	at java.util.stream.AbstractPipeline.evaluate(AbstractPipeline.java:234)
	at java.util.stream.ReferencePipeline.forEach(ReferencePipeline.java:418)
	at org.junit.vintage.engine.VintageTestEngine.executeAllChildren(VintageTestEngine.java:79)
	at org.junit.vintage.engine.VintageTestEngine.execute(VintageTestEngine.java:70)
	at org.junit.platform.launcher.core.DefaultLauncher.execute(DefaultLauncher.java:220)
	at org.junit.platform.launcher.core.DefaultLauncher.lambda$execute$6(DefaultLauncher.java:188)
	at org.junit.platform.launcher.core.DefaultLauncher.withInterceptedStreams(DefaultLauncher.java:202)
	at org.junit.platform.launcher.core.DefaultLauncher.execute(DefaultLauncher.java:181)
	at org.junit.platform.launcher.core.DefaultLauncher.execute(DefaultLauncher.java:128)
	at org.apache.maven.surefire.junitplatform.JUnitPlatformProvider.invokeAllTests(JUnitPlatformProvider.java:142)
	at org.apache.maven.surefire.junitplatform.JUnitPlatformProvider.invoke(JUnitPlatformProvider.java:117)
	at org.apache.maven.surefire.booter.ForkedBooter.invokeProviderInSameClassLoader(ForkedBooter.java:384)
	at org.apache.maven.surefire.booter.ForkedBooter.runSuitesInProcess(ForkedBooter.java:345)
	at org.apache.maven.surefire.booter.ForkedBooter.execute(ForkedBooter.java:126)
	at org.apache.maven.surefire.booter.ForkedBooter.main(ForkedBooter.java:418)
]]></system-err>
  </testcase>
</testsuite>