<?xml version="1.0" encoding="UTF-8"?>
<testsuite xmlns:xsi="http://www.w3.org/2001/XMLSchema-instance" xsi:noNamespaceSchemaLocation="https://maven.apache.org/surefire/maven-surefire-plugin/xsd/surefire-test-report.xsd" name="ComprasTest" time="25.904" tests="1" errors="0" skipped="0" failures="1">
  <properties>
[...]
</properties>
  <testcase name="method" classname="com.stage.api.ms.entity.ComprasTest" time="25.898">
    <failure message="Error: No regreso nada el servicio" type="java.lang.AssertionError">java.lang.AssertionError: Error: No regreso nada el servicio
	at com.stage.api.ms.entity.ComprasTest.method(ComprasTest.java:62)
</failure>
    <system-out><![CDATA[https://super.walmart.com.mx/productos?Ntt=zucaritas
null
]]></system-out>
    <system-err><![CDATA[Apr 17, 2019 7:17:36 PM com.gargoylesoftware.htmlunit.DefaultCssErrorHandler error
WARNING: CSS error: 'https://super.walmart.com.mx/static/css/main.ca48355c.css' [1:1891] Error in expression. (Invalid token " ". Was expecting one of: <NUMBER>, "inherit", <IDENT>, <STRING>, <HASH>, <EMS>, <REM>, <EXS>, <LENGTH_PX>, <LENGTH_CM>, <LENGTH_MM>, <LENGTH_IN>, <LENGTH_PT>, <LENGTH_PC>, <ANGLE_DEG>, <ANGLE_RAD>, <ANGLE_GRAD>, <TIME_MS>, <TIME_S>, <FREQ_HZ>, <FREQ_KHZ>, <RESOLUTION_DPI>, <RESOLUTION_DPCM>, <PERCENTAGE>, <DIMENSION>, <UNICODE_RANGE>, <URI>, <FUNCTION>, "progid:".)
Apr 17, 2019 7:17:36 PM com.gargoylesoftware.htmlunit.DefaultCssErrorHandler error
WARNING: CSS error: 'https://super.walmart.com.mx/static/css/main.ca48355c.css' [1:1913] Error in expression. (Invalid token " ". Was expecting one of: <NUMBER>, "inherit", <IDENT>, <STRING>, <HASH>, <EMS>, <REM>, <EXS>, <LENGTH_PX>, <LENGTH_CM>, <LENGTH_MM>, <LENGTH_IN>, <LENGTH_PT>, <LENGTH_PC>, <ANGLE_DEG>, <ANGLE_RAD>, <ANGLE_GRAD>, <TIME_MS>, <TIME_S>, <FREQ_HZ>, <FREQ_KHZ>, <RESOLUTION_DPI>, <RESOLUTION_DPCM>, <PERCENTAGE>, <DIMENSION>, <UNICODE_RANGE>, <URI>, <FUNCTION>, "progid:".)
Apr 17, 2019 7:17:36 PM com.gargoylesoftware.htmlunit.DefaultCssErrorHandler error
WARNING: CSS error: 'https://super.walmart.com.mx/static/css/main.ca48355c.css' [1:14649] Invalid color "#0000004d".
Apr 17, 2019 7:17:36 PM com.gargoylesoftware.htmlunit.DefaultCssErrorHandler error
WARNING: CSS error: 'https://super.walmart.com.mx/static/css/main.ca48355c.css' [1:14682] Invalid color "#0000004d".
Apr 17, 2019 7:17:36 PM com.gargoylesoftware.htmlunit.DefaultCssErrorHandler error
WARNING: CSS error: 'https://super.walmart.com.mx/static/css/main.ca48355c.css' [1:22887] Error in expression. (Invalid token " ". Was expecting one of: <NUMBER>, "inherit", <IDENT>, <STRING>, <HASH>, <EMS>, <REM>, <EXS>, <LENGTH_PX>, <LENGTH_CM>, <LENGTH_MM>, <LENGTH_IN>, <LENGTH_PT>, <LENGTH_PC>, <ANGLE_DEG>, <ANGLE_RAD>, <ANGLE_GRAD>, <TIME_MS>, <TIME_S>, <FREQ_HZ>, <FREQ_KHZ>, <RESOLUTION_DPI>, <RESOLUTION_DPCM>, <PERCENTAGE>, <DIMENSION>, <UNICODE_RANGE>, <URI>, <FUNCTION>, "progid:".)
Apr 17, 2019 7:17:36 PM com.gargoylesoftware.htmlunit.DefaultCssErrorHandler error
WARNING: CSS error: 'https://super.walmart.com.mx/static/css/main.ca48355c.css' [1:22909] Error in expression. (Invalid token " ". Was expecting one of: <NUMBER>, "inherit", <IDENT>, <STRING>, <HASH>, <EMS>, <REM>, <EXS>, <LENGTH_PX>, <LENGTH_CM>, <LENGTH_MM>, <LENGTH_IN>, <LENGTH_PT>, <LENGTH_PC>, <ANGLE_DEG>, <ANGLE_RAD>, <ANGLE_GRAD>, <TIME_MS>, <TIME_S>, <FREQ_HZ>, <FREQ_KHZ>, <RESOLUTION_DPI>, <RESOLUTION_DPCM>, <PERCENTAGE>, <DIMENSION>, <UNICODE_RANGE>, <URI>, <FUNCTION>, "progid:".)
Apr 17, 2019 7:17:36 PM com.gargoylesoftware.htmlunit.DefaultCssErrorHandler error
WARNING: CSS error: 'https://super.walmart.com.mx/static/css/main.ca48355c.css' [1:34284] Error in expression. (Invalid token " ". Was expecting one of: <NUMBER>, "inherit", <IDENT>, <STRING>, <HASH>, <EMS>, <REM>, <EXS>, <LENGTH_PX>, <LENGTH_CM>, <LENGTH_MM>, <LENGTH_IN>, <LENGTH_PT>, <LENGTH_PC>, <ANGLE_DEG>, <ANGLE_RAD>, <ANGLE_GRAD>, <TIME_MS>, <TIME_S>, <FREQ_HZ>, <FREQ_KHZ>, <RESOLUTION_DPI>, <RESOLUTION_DPCM>, <PERCENTAGE>, <DIMENSION>, <UNICODE_RANGE>, <URI>, <FUNCTION>, "progid:".)
Apr 17, 2019 7:17:36 PM com.gargoylesoftware.htmlunit.DefaultCssErrorHandler error
WARNING: CSS error: 'https://super.walmart.com.mx/static/css/main.ca48355c.css' [1:34545] Error in expression. (Invalid token " ". Was expecting one of: <NUMBER>, "inherit", <IDENT>, <STRING>, <HASH>, <EMS>, <REM>, <EXS>, <LENGTH_PX>, <LENGTH_CM>, <LENGTH_MM>, <LENGTH_IN>, <LENGTH_PT>, <LENGTH_PC>, <ANGLE_DEG>, <ANGLE_RAD>, <ANGLE_GRAD>, <TIME_MS>, <TIME_S>, <FREQ_HZ>, <FREQ_KHZ>, <RESOLUTION_DPI>, <RESOLUTION_DPCM>, <PERCENTAGE>, <DIMENSION>, <UNICODE_RANGE>, <URI>, <FUNCTION>, "progid:".)
Apr 17, 2019 7:17:36 PM com.gargoylesoftware.htmlunit.DefaultCssErrorHandler error
WARNING: CSS error: 'https://super.walmart.com.mx/static/css/main.ca48355c.css' [1:42704] Error in expression. (Invalid token " ". Was expecting one of: <NUMBER>, "inherit", <IDENT>, <STRING>, <HASH>, <EMS>, <REM>, <EXS>, <LENGTH_PX>, <LENGTH_CM>, <LENGTH_MM>, <LENGTH_IN>, <LENGTH_PT>, <LENGTH_PC>, <ANGLE_DEG>, <ANGLE_RAD>, <ANGLE_GRAD>, <TIME_MS>, <TIME_S>, <FREQ_HZ>, <FREQ_KHZ>, <RESOLUTION_DPI>, <RESOLUTION_DPCM>, <PERCENTAGE>, <DIMENSION>, <UNICODE_RANGE>, <URI>, <FUNCTION>, "progid:".)
Apr 17, 2019 7:17:36 PM com.gargoylesoftware.htmlunit.DefaultCssErrorHandler error
WARNING: CSS error: 'https://super.walmart.com.mx/static/css/main.ca48355c.css' [1:1] DOM exception: 'Too many parameters for rgb function.'
Apr 17, 2019 7:17:38 PM com.gargoylesoftware.htmlunit.javascript.StrictErrorReporter runtimeError
SEVERE: runtimeError: message=[Property 0 not found.] sourceName=[https://super.walmart.com.mx/static/js/libs.1f8e0e67.js] line=[1] lineSource=[null] lineOffset=[0]
Apr 17, 2019 7:17:39 PM com.gargoylesoftware.htmlunit.javascript.JavaScriptEngine handleJavaScriptException
INFO: Caught script exception
======= EXCEPTION START ========
Exception class=[java.lang.RuntimeException]
com.gargoylesoftware.htmlunit.ScriptException: Exception invoking setOuterHTML
	at com.gargoylesoftware.htmlunit.javascript.JavaScriptEngine$HtmlUnitContextAction.run(JavaScriptEngine.java:885)
	at net.sourceforge.htmlunit.corejs.javascript.Context.call(Context.java:617)
	at net.sourceforge.htmlunit.corejs.javascript.ContextFactory.call(ContextFactory.java:534)
	at com.gargoylesoftware.htmlunit.javascript.JavaScriptEngine.execute(JavaScriptEngine.java:765)
	at com.gargoylesoftware.htmlunit.javascript.JavaScriptEngine.execute(JavaScriptEngine.java:741)
	at com.gargoylesoftware.htmlunit.javascript.JavaScriptEngine.execute(JavaScriptEngine.java:104)
	at com.gargoylesoftware.htmlunit.html.HtmlPage.loadExternalJavaScriptFile(HtmlPage.java:997)
	at com.gargoylesoftware.htmlunit.html.HtmlScript.executeScriptIfNeeded(HtmlScript.java:373)
	at com.gargoylesoftware.htmlunit.html.HtmlScript$2.execute(HtmlScript.java:247)
	at com.gargoylesoftware.htmlunit.html.HtmlScript.onAllChildrenAddedToPage(HtmlScript.java:268)
	at com.gargoylesoftware.htmlunit.html.HTMLParser$HtmlUnitDOMBuilder.endElement(HTMLParser.java:799)
	at org.apache.xerces.parsers.AbstractSAXParser.endElement(Unknown Source)
	at com.gargoylesoftware.htmlunit.html.HTMLParser$HtmlUnitDOMBuilder.endElement(HTMLParser.java:755)
	at net.sourceforge.htmlunit.cyberneko.HTMLTagBalancer.callEndElement(HTMLTagBalancer.java:1192)
	at net.sourceforge.htmlunit.cyberneko.HTMLTagBalancer.endElement(HTMLTagBalancer.java:1132)
	at net.sourceforge.htmlunit.cyberneko.filters.DefaultFilter.endElement(DefaultFilter.java:219)
	at net.sourceforge.htmlunit.cyberneko.filters.NamespaceBinder.endElement(NamespaceBinder.java:312)
	at net.sourceforge.htmlunit.cyberneko.HTMLScanner$ContentScanner.scanEndElement(HTMLScanner.java:3147)
	at net.sourceforge.htmlunit.cyberneko.HTMLScanner$ContentScanner.scan(HTMLScanner.java:2093)
	at net.sourceforge.htmlunit.cyberneko.HTMLScanner.scanDocument(HTMLScanner.java:937)
	at net.sourceforge.htmlunit.cyberneko.HTMLConfiguration.parse(HTMLConfiguration.java:450)
	at net.sourceforge.htmlunit.cyberneko.HTMLConfiguration.parse(HTMLConfiguration.java:401)
	at org.apache.xerces.parsers.XMLParser.parse(Unknown Source)
	at com.gargoylesoftware.htmlunit.html.HTMLParser$HtmlUnitDOMBuilder.parse(HTMLParser.java:998)
	at com.gargoylesoftware.htmlunit.html.HTMLParser.parse(HTMLParser.java:252)
	at com.gargoylesoftware.htmlunit.html.HTMLParser.parseHtml(HTMLParser.java:196)
	at com.gargoylesoftware.htmlunit.DefaultPageCreator.createHtmlPage(DefaultPageCreator.java:268)
	at com.gargoylesoftware.htmlunit.DefaultPageCreator.createPage(DefaultPageCreator.java:159)
	at com.gargoylesoftware.htmlunit.WebClient.loadWebResponseInto(WebClient.java:531)
	at com.gargoylesoftware.htmlunit.WebClient.getPage(WebClient.java:398)
	at com.gargoylesoftware.htmlunit.WebClient.getPage(WebClient.java:315)
	at com.gargoylesoftware.htmlunit.WebClient.getPage(WebClient.java:466)
	at com.gargoylesoftware.htmlunit.WebClient.getPage(WebClient.java:448)
	at com.supermarket.SuperWalMart.search(SuperWalMart.java:49)
	at com.aws.Configuration.execute(Configuration.java:121)
	at com.stage.api.ms.entity.ComprasTest.method(ComprasTest.java:55)
	at sun.reflect.NativeMethodAccessorImpl.invoke0(Native Method)
	at sun.reflect.NativeMethodAccessorImpl.invoke(NativeMethodAccessorImpl.java:62)
	at sun.reflect.DelegatingMethodAccessorImpl.invoke(DelegatingMethodAccessorImpl.java:43)
	at java.lang.reflect.Method.invoke(Method.java:498)
	at org.junit.runners.model.FrameworkMethod$1.runReflectiveCall(FrameworkMethod.java:50)
	at org.junit.internal.runners.model.ReflectiveCallable.run(ReflectiveCallable.java:12)
	at org.junit.runners.model.FrameworkMethod.invokeExplosively(FrameworkMethod.java:47)
	at org.junit.internal.runners.statements.InvokeMethod.evaluate(InvokeMethod.java:17)
	at org.junit.internal.runners.statements.RunBefores.evaluate(RunBefores.java:26)
	at org.junit.runners.ParentRunner.runLeaf(ParentRunner.java:325)
	at org.junit.runners.BlockJUnit4ClassRunner.runChild(BlockJUnit4ClassRunner.java:78)
	at org.junit.runners.BlockJUnit4ClassRunner.runChild(BlockJUnit4ClassRunner.java:57)
	at org.junit.runners.ParentRunner$3.run(ParentRunner.java:290)
	at org.junit.runners.ParentRunner$1.schedule(ParentRunner.java:71)
	at org.junit.runners.ParentRunner.runChildren(ParentRunner.java:288)
	at org.junit.runners.ParentRunner.access$000(ParentRunner.java:58)
	at org.junit.runners.ParentRunner$2.evaluate(ParentRunner.java:268)
	at org.junit.runners.ParentRunner.run(ParentRunner.java:363)
	at org.junit.runner.JUnitCore.run(JUnitCore.java:137)
	at org.junit.runner.JUnitCore.run(JUnitCore.java:115)
	at org.junit.vintage.engine.execution.RunnerExecutor.execute(RunnerExecutor.java:39)
	at java.util.stream.ForEachOps$ForEachOp$OfRef.accept(ForEachOps.java:184)
	at java.util.stream.ReferencePipeline$3$1.accept(ReferencePipeline.java:193)
	at java.util.Iterator.forEachRemaining(Iterator.java:116)
	at java.util.Spliterators$IteratorSpliterator.forEachRemaining(Spliterators.java:1801)
	at java.util.stream.AbstractPipeline.copyInto(AbstractPipeline.java:481)
	at java.util.stream.AbstractPipeline.wrapAndCopyInto(AbstractPipeline.java:471)
	at java.util.stream.ForEachOps$ForEachOp.evaluateSequential(ForEachOps.java:151)
	at java.util.stream.ForEachOps$ForEachOp$OfRef.evaluateSequential(ForEachOps.java:174)
	at java.util.stream.AbstractPipeline.evaluate(AbstractPipeline.java:234)
	at java.util.stream.ReferencePipeline.forEach(ReferencePipeline.java:418)
	at org.junit.vintage.engine.VintageTestEngine.executeAllChildren(VintageTestEngine.java:79)
	at org.junit.vintage.engine.VintageTestEngine.execute(VintageTestEngine.java:70)
	at org.junit.platform.launcher.core.DefaultLauncher.execute(DefaultLauncher.java:220)
	at org.junit.platform.launcher.core.DefaultLauncher.lambda$execute$6(DefaultLauncher.java:188)
	at org.junit.platform.launcher.core.DefaultLauncher.withInterceptedStreams(DefaultLauncher.java:202)
	at org.junit.platform.launcher.core.DefaultLauncher.execute(DefaultLauncher.java:181)
	at org.junit.platform.launcher.core.DefaultLauncher.execute(DefaultLauncher.java:128)
	at org.apache.maven.surefire.junitplatform.JUnitPlatformProvider.invokeAllTests(JUnitPlatformProvider.java:142)
	at org.apache.maven.surefire.junitplatform.JUnitPlatformProvider.invoke(JUnitPlatformProvider.java:117)
	at org.apache.maven.surefire.booter.ForkedBooter.invokeProviderInSameClassLoader(ForkedBooter.java:384)
	at org.apache.maven.surefire.booter.ForkedBooter.runSuitesInProcess(ForkedBooter.java:345)
	at org.apache.maven.surefire.booter.ForkedBooter.execute(ForkedBooter.java:126)
	at org.apache.maven.surefire.booter.ForkedBooter.main(ForkedBooter.java:418)
Caused by: java.lang.RuntimeException: Exception invoking setOuterHTML
	at net.sourceforge.htmlunit.corejs.javascript.MemberBox.invoke(MemberBox.java:200)
	at net.sourceforge.htmlunit.corejs.javascript.ScriptableObject$GetterSlot.setValue(ScriptableObject.java:328)
	at net.sourceforge.htmlunit.corejs.javascript.ScriptableObject.putImpl(ScriptableObject.java:2853)
	at net.sourceforge.htmlunit.corejs.javascript.ScriptableObject.put(ScriptableObject.java:538)
	at com.gargoylesoftware.htmlunit.javascript.HtmlUnitScriptable.put(HtmlUnitScriptable.java:151)
	at net.sourceforge.htmlunit.corejs.javascript.ScriptableObject.putProperty(ScriptableObject.java:2532)
	at net.sourceforge.htmlunit.corejs.javascript.ScriptRuntime.setObjectProp(ScriptRuntime.java:1743)
	at net.sourceforge.htmlunit.corejs.javascript.ScriptRuntime.setObjectProp(ScriptRuntime.java:1737)
	at net.sourceforge.htmlunit.corejs.javascript.Interpreter.interpretLoop(Interpreter.java:1448)
	at net.sourceforge.htmlunit.corejs.javascript.Interpreter.interpret(Interpreter.java:1010)
	at net.sourceforge.htmlunit.corejs.javascript.InterpretedFunction.call(InterpretedFunction.java:111)
	at net.sourceforge.htmlunit.corejs.javascript.ContextFactory.doTopCall(ContextFactory.java:424)
	at com.gargoylesoftware.htmlunit.javascript.HtmlUnitContextFactory.doTopCall(HtmlUnitContextFactory.java:327)
	at net.sourceforge.htmlunit.corejs.javascript.ScriptRuntime.doTopCall(ScriptRuntime.java:3619)
	at net.sourceforge.htmlunit.corejs.javascript.InterpretedFunction.exec(InterpretedFunction.java:123)
	at com.gargoylesoftware.htmlunit.javascript.JavaScriptEngine$2.doRun(JavaScriptEngine.java:756)
	at com.gargoylesoftware.htmlunit.javascript.JavaScriptEngine$HtmlUnitContextAction.run(JavaScriptEngine.java:870)
	... 79 more
Caused by: java.lang.NullPointerException
	at com.gargoylesoftware.htmlunit.javascript.host.event.EventHandler.<init>(EventHandler.java:50)
	at com.gargoylesoftware.htmlunit.javascript.host.Element.createEventHandler(Element.java:148)
	at com.gargoylesoftware.htmlunit.javascript.host.Element.setDomNode(Element.java:135)
	at com.gargoylesoftware.htmlunit.javascript.host.html.HTMLElement.setDomNode(HTMLElement.java:400)
	at com.gargoylesoftware.htmlunit.javascript.host.html.HTMLImageElement.setDomNode(HTMLImageElement.java:94)
	at com.gargoylesoftware.htmlunit.javascript.SimpleScriptable.makeScriptableFor(SimpleScriptable.java:238)
	at com.gargoylesoftware.htmlunit.html.DomNode.getScriptableObject(DomNode.java:926)
	at com.gargoylesoftware.htmlunit.html.HtmlPage.getAttributeValue(HtmlPage.java:1809)
	at com.gargoylesoftware.htmlunit.html.HtmlPage.addElement(HtmlPage.java:1780)
	at com.gargoylesoftware.htmlunit.html.HtmlPage.addMappedElement(HtmlPage.java:1773)
	at com.gargoylesoftware.htmlunit.html.HtmlPage.notifyNodeAdded(HtmlPage.java:1716)
	at com.gargoylesoftware.htmlunit.html.DomNode.fireAddition(DomNode.java:1066)
	at com.gargoylesoftware.htmlunit.html.DomNode.appendChild(DomNode.java:960)
	at com.gargoylesoftware.htmlunit.html.HTMLParser$HtmlUnitDOMBuilder.addNodeToRightParent(HTMLParser.java:719)
	at com.gargoylesoftware.htmlunit.html.HTMLParser$HtmlUnitDOMBuilder.startElement(HTMLParser.java:603)
	at org.apache.xerces.parsers.AbstractSAXParser.startElement(Unknown Source)
	at com.gargoylesoftware.htmlunit.html.HTMLParser$HtmlUnitDOMBuilder.startElement(HTMLParser.java:532)
	at org.apache.xerces.parsers.AbstractXMLDocumentParser.emptyElement(Unknown Source)
	at net.sourceforge.htmlunit.cyberneko.HTMLTagBalancer.startElement(HTMLTagBalancer.java:779)
	at net.sourceforge.htmlunit.cyberneko.filters.DefaultFilter.startElement(DefaultFilter.java:140)
	at net.sourceforge.htmlunit.cyberneko.filters.NamespaceBinder.startElement(NamespaceBinder.java:278)
	at net.sourceforge.htmlunit.cyberneko.HTMLScanner$ContentScanner.scanStartElement(HTMLScanner.java:2775)
	at net.sourceforge.htmlunit.cyberneko.HTMLScanner$ContentScanner.scan(HTMLScanner.java:2110)
	at net.sourceforge.htmlunit.cyberneko.HTMLScanner.scanDocument(HTMLScanner.java:937)
	at net.sourceforge.htmlunit.cyberneko.HTMLConfiguration.parse(HTMLConfiguration.java:450)
	at net.sourceforge.htmlunit.cyberneko.HTMLConfiguration.parse(HTMLConfiguration.java:401)
	at org.apache.xerces.parsers.XMLParser.parse(Unknown Source)
	at com.gargoylesoftware.htmlunit.html.HTMLParser$HtmlUnitDOMBuilder.parse(HTMLParser.java:998)
	at com.gargoylesoftware.htmlunit.html.HTMLParser.parseFragment(HTMLParser.java:178)
	at com.gargoylesoftware.htmlunit.html.HTMLParser.parseFragment(HTMLParser.java:133)
	at com.gargoylesoftware.htmlunit.javascript.host.Element.parseHtmlSnippet(Element.java:868)
	at com.gargoylesoftware.htmlunit.javascript.host.Element.setOuterHTML(Element.java:998)
	at com.gargoylesoftware.htmlunit.javascript.host.html.HTMLElement.setOuterHTML(HTMLElement.java:635)
	at sun.reflect.NativeMethodAccessorImpl.invoke0(Native Method)
	at sun.reflect.NativeMethodAccessorImpl.invoke(NativeMethodAccessorImpl.java:62)
	at sun.reflect.DelegatingMethodAccessorImpl.invoke(DelegatingMethodAccessorImpl.java:43)
	at java.lang.reflect.Method.invoke(Method.java:498)
	at net.sourceforge.htmlunit.corejs.javascript.MemberBox.invoke(MemberBox.java:174)
	... 95 more
Enclosed exception: 
java.lang.RuntimeException: Exception invoking setOuterHTML
	at net.sourceforge.htmlunit.corejs.javascript.MemberBox.invoke(MemberBox.java:200)
	at net.sourceforge.htmlunit.corejs.javascript.ScriptableObject$GetterSlot.setValue(ScriptableObject.java:328)
	at net.sourceforge.htmlunit.corejs.javascript.ScriptableObject.putImpl(ScriptableObject.java:2853)
	at net.sourceforge.htmlunit.corejs.javascript.ScriptableObject.put(ScriptableObject.java:538)
	at com.gargoylesoftware.htmlunit.javascript.HtmlUnitScriptable.put(HtmlUnitScriptable.java:151)
	at net.sourceforge.htmlunit.corejs.javascript.ScriptableObject.putProperty(ScriptableObject.java:2532)
	at net.sourceforge.htmlunit.corejs.javascript.ScriptRuntime.setObjectProp(ScriptRuntime.java:1743)
	at net.sourceforge.htmlunit.corejs.javascript.ScriptRuntime.setObjectProp(ScriptRuntime.java:1737)
	at net.sourceforge.htmlunit.corejs.javascript.Interpreter.interpretLoop(Interpreter.java:1448)
	at net.sourceforge.htmlunit.corejs.javascript.Interpreter.interpret(Interpreter.java:1010)
	at net.sourceforge.htmlunit.corejs.javascript.InterpretedFunction.call(InterpretedFunction.java:111)
	at net.sourceforge.htmlunit.corejs.javascript.ContextFactory.doTopCall(ContextFactory.java:424)
	at com.gargoylesoftware.htmlunit.javascript.HtmlUnitContextFactory.doTopCall(HtmlUnitContextFactory.java:327)
	at net.sourceforge.htmlunit.corejs.javascript.ScriptRuntime.doTopCall(ScriptRuntime.java:3619)
	at net.sourceforge.htmlunit.corejs.javascript.InterpretedFunction.exec(InterpretedFunction.java:123)
	at com.gargoylesoftware.htmlunit.javascript.JavaScriptEngine$2.doRun(JavaScriptEngine.java:756)
	at com.gargoylesoftware.htmlunit.javascript.JavaScriptEngine$HtmlUnitContextAction.run(JavaScriptEngine.java:870)
	at net.sourceforge.htmlunit.corejs.javascript.Context.call(Context.java:617)
	at net.sourceforge.htmlunit.corejs.javascript.ContextFactory.call(ContextFactory.java:534)
	at com.gargoylesoftware.htmlunit.javascript.JavaScriptEngine.execute(JavaScriptEngine.java:765)
	at com.gargoylesoftware.htmlunit.javascript.JavaScriptEngine.execute(JavaScriptEngine.java:741)
	at com.gargoylesoftware.htmlunit.javascript.JavaScriptEngine.execute(JavaScriptEngine.java:104)
	at com.gargoylesoftware.htmlunit.html.HtmlPage.loadExternalJavaScriptFile(HtmlPage.java:997)
	at com.gargoylesoftware.htmlunit.html.HtmlScript.executeScriptIfNeeded(HtmlScript.java:373)
	at com.gargoylesoftware.htmlunit.html.HtmlScript$2.execute(HtmlScript.java:247)
	at com.gargoylesoftware.htmlunit.html.HtmlScript.onAllChildrenAddedToPage(HtmlScript.java:268)
	at com.gargoylesoftware.htmlunit.html.HTMLParser$HtmlUnitDOMBuilder.endElement(HTMLParser.java:799)
	at org.apache.xerces.parsers.AbstractSAXParser.endElement(Unknown Source)
	at com.gargoylesoftware.htmlunit.html.HTMLParser$HtmlUnitDOMBuilder.endElement(HTMLParser.java:755)
	at net.sourceforge.htmlunit.cyberneko.HTMLTagBalancer.callEndElement(HTMLTagBalancer.java:1192)
	at net.sourceforge.htmlunit.cyberneko.HTMLTagBalancer.endElement(HTMLTagBalancer.java:1132)
	at net.sourceforge.htmlunit.cyberneko.filters.DefaultFilter.endElement(DefaultFilter.java:219)
	at net.sourceforge.htmlunit.cyberneko.filters.NamespaceBinder.endElement(NamespaceBinder.java:312)
	at net.sourceforge.htmlunit.cyberneko.HTMLScanner$ContentScanner.scanEndElement(HTMLScanner.java:3147)
	at net.sourceforge.htmlunit.cyberneko.HTMLScanner$ContentScanner.scan(HTMLScanner.java:2093)
	at net.sourceforge.htmlunit.cyberneko.HTMLScanner.scanDocument(HTMLScanner.java:937)
	at net.sourceforge.htmlunit.cyberneko.HTMLConfiguration.parse(HTMLConfiguration.java:450)
	at net.sourceforge.htmlunit.cyberneko.HTMLConfiguration.parse(HTMLConfiguration.java:401)
	at org.apache.xerces.parsers.XMLParser.parse(Unknown Source)
	at com.gargoylesoftware.htmlunit.html.HTMLParser$HtmlUnitDOMBuilder.parse(HTMLParser.java:998)
	at com.gargoylesoftware.htmlunit.html.HTMLParser.parse(HTMLParser.java:252)
	at com.gargoylesoftware.htmlunit.html.HTMLParser.parseHtml(HTMLParser.java:196)
	at com.gargoylesoftware.htmlunit.DefaultPageCreator.createHtmlPage(DefaultPageCreator.java:268)
	at com.gargoylesoftware.htmlunit.DefaultPageCreator.createPage(DefaultPageCreator.java:159)
	at com.gargoylesoftware.htmlunit.WebClient.loadWebResponseInto(WebClient.java:531)
	at com.gargoylesoftware.htmlunit.WebClient.getPage(WebClient.java:398)
	at com.gargoylesoftware.htmlunit.WebClient.getPage(WebClient.java:315)
	at com.gargoylesoftware.htmlunit.WebClient.getPage(WebClient.java:466)
	at com.gargoylesoftware.htmlunit.WebClient.getPage(WebClient.java:448)
	at com.supermarket.SuperWalMart.search(SuperWalMart.java:49)
	at com.aws.Configuration.execute(Configuration.java:121)
	at com.stage.api.ms.entity.ComprasTest.method(ComprasTest.java:55)
	at sun.reflect.NativeMethodAccessorImpl.invoke0(Native Method)
	at sun.reflect.NativeMethodAccessorImpl.invoke(NativeMethodAccessorImpl.java:62)
	at sun.reflect.DelegatingMethodAccessorImpl.invoke(DelegatingMethodAccessorImpl.java:43)
	at java.lang.reflect.Method.invoke(Method.java:498)
	at org.junit.runners.model.FrameworkMethod$1.runReflectiveCall(FrameworkMethod.java:50)
	at org.junit.internal.runners.model.ReflectiveCallable.run(ReflectiveCallable.java:12)
	at org.junit.runners.model.FrameworkMethod.invokeExplosively(FrameworkMethod.java:47)
	at org.junit.internal.runners.statements.InvokeMethod.evaluate(InvokeMethod.java:17)
	at org.junit.internal.runners.statements.RunBefores.evaluate(RunBefores.java:26)
	at org.junit.runners.ParentRunner.runLeaf(ParentRunner.java:325)
	at org.junit.runners.BlockJUnit4ClassRunner.runChild(BlockJUnit4ClassRunner.java:78)
	at org.junit.runners.BlockJUnit4ClassRunner.runChild(BlockJUnit4ClassRunner.java:57)
	at org.junit.runners.ParentRunner$3.run(ParentRunner.java:290)
	at org.junit.runners.ParentRunner$1.schedule(ParentRunner.java:71)
	at org.junit.runners.ParentRunner.runChildren(ParentRunner.java:288)
	at org.junit.runners.ParentRunner.access$000(ParentRunner.java:58)
	at org.junit.runners.ParentRunner$2.evaluate(ParentRunner.java:268)
	at org.junit.runners.ParentRunner.run(ParentRunner.java:363)
	at org.junit.runner.JUnitCore.run(JUnitCore.java:137)
	at org.junit.runner.JUnitCore.run(JUnitCore.java:115)
	at org.junit.vintage.engine.execution.RunnerExecutor.execute(RunnerExecutor.java:39)
	at java.util.stream.ForEachOps$ForEachOp$OfRef.accept(ForEachOps.java:184)
	at java.util.stream.ReferencePipeline$3$1.accept(ReferencePipeline.java:193)
	at java.util.Iterator.forEachRemaining(Iterator.java:116)
	at java.util.Spliterators$IteratorSpliterator.forEachRemaining(Spliterators.java:1801)
	at java.util.stream.AbstractPipeline.copyInto(AbstractPipeline.java:481)
	at java.util.stream.AbstractPipeline.wrapAndCopyInto(AbstractPipeline.java:471)
	at java.util.stream.ForEachOps$ForEachOp.evaluateSequential(ForEachOps.java:151)
	at java.util.stream.ForEachOps$ForEachOp$OfRef.evaluateSequential(ForEachOps.java:174)
	at java.util.stream.AbstractPipeline.evaluate(AbstractPipeline.java:234)
	at java.util.stream.ReferencePipeline.forEach(ReferencePipeline.java:418)
	at org.junit.vintage.engine.VintageTestEngine.executeAllChildren(VintageTestEngine.java:79)
	at org.junit.vintage.engine.VintageTestEngine.execute(VintageTestEngine.java:70)
	at org.junit.platform.launcher.core.DefaultLauncher.execute(DefaultLauncher.java:220)
	at org.junit.platform.launcher.core.DefaultLauncher.lambda$execute$6(DefaultLauncher.java:188)
	at org.junit.platform.launcher.core.DefaultLauncher.withInterceptedStreams(DefaultLauncher.java:202)
	at org.junit.platform.launcher.core.DefaultLauncher.execute(DefaultLauncher.java:181)
	at org.junit.platform.launcher.core.DefaultLauncher.execute(DefaultLauncher.java:128)
	at org.apache.maven.surefire.junitplatform.JUnitPlatformProvider.invokeAllTests(JUnitPlatformProvider.java:142)
	at org.apache.maven.surefire.junitplatform.JUnitPlatformProvider.invoke(JUnitPlatformProvider.java:117)
	at org.apache.maven.surefire.booter.ForkedBooter.invokeProviderInSameClassLoader(ForkedBooter.java:384)
	at org.apache.maven.surefire.booter.ForkedBooter.runSuitesInProcess(ForkedBooter.java:345)
	at org.apache.maven.surefire.booter.ForkedBooter.execute(ForkedBooter.java:126)
	at org.apache.maven.surefire.booter.ForkedBooter.main(ForkedBooter.java:418)
Caused by: java.lang.NullPointerException
	at com.gargoylesoftware.htmlunit.javascript.host.event.EventHandler.<init>(EventHandler.java:50)
	at com.gargoylesoftware.htmlunit.javascript.host.Element.createEventHandler(Element.java:148)
	at com.gargoylesoftware.htmlunit.javascript.host.Element.setDomNode(Element.java:135)
	at com.gargoylesoftware.htmlunit.javascript.host.html.HTMLElement.setDomNode(HTMLElement.java:400)
	at com.gargoylesoftware.htmlunit.javascript.host.html.HTMLImageElement.setDomNode(HTMLImageElement.java:94)
	at com.gargoylesoftware.htmlunit.javascript.SimpleScriptable.makeScriptableFor(SimpleScriptable.java:238)
	at com.gargoylesoftware.htmlunit.html.DomNode.getScriptableObject(DomNode.java:926)
	at com.gargoylesoftware.htmlunit.html.HtmlPage.getAttributeValue(HtmlPage.java:1809)
	at com.gargoylesoftware.htmlunit.html.HtmlPage.addElement(HtmlPage.java:1780)
	at com.gargoylesoftware.htmlunit.html.HtmlPage.addMappedElement(HtmlPage.java:1773)
	at com.gargoylesoftware.htmlunit.html.HtmlPage.notifyNodeAdded(HtmlPage.java:1716)
	at com.gargoylesoftware.htmlunit.html.DomNode.fireAddition(DomNode.java:1066)
	at com.gargoylesoftware.htmlunit.html.DomNode.appendChild(DomNode.java:960)
	at com.gargoylesoftware.htmlunit.html.HTMLParser$HtmlUnitDOMBuilder.addNodeToRightParent(HTMLParser.java:719)
	at com.gargoylesoftware.htmlunit.html.HTMLParser$HtmlUnitDOMBuilder.startElement(HTMLParser.java:603)
	at org.apache.xerces.parsers.AbstractSAXParser.startElement(Unknown Source)
	at com.gargoylesoftware.htmlunit.html.HTMLParser$HtmlUnitDOMBuilder.startElement(HTMLParser.java:532)
	at org.apache.xerces.parsers.AbstractXMLDocumentParser.emptyElement(Unknown Source)
	at net.sourceforge.htmlunit.cyberneko.HTMLTagBalancer.startElement(HTMLTagBalancer.java:779)
	at net.sourceforge.htmlunit.cyberneko.filters.DefaultFilter.startElement(DefaultFilter.java:140)
	at net.sourceforge.htmlunit.cyberneko.filters.NamespaceBinder.startElement(NamespaceBinder.java:278)
	at net.sourceforge.htmlunit.cyberneko.HTMLScanner$ContentScanner.scanStartElement(HTMLScanner.java:2775)
	at net.sourceforge.htmlunit.cyberneko.HTMLScanner$ContentScanner.scan(HTMLScanner.java:2110)
	at net.sourceforge.htmlunit.cyberneko.HTMLScanner.scanDocument(HTMLScanner.java:937)
	at net.sourceforge.htmlunit.cyberneko.HTMLConfiguration.parse(HTMLConfiguration.java:450)
	at net.sourceforge.htmlunit.cyberneko.HTMLConfiguration.parse(HTMLConfiguration.java:401)
	at org.apache.xerces.parsers.XMLParser.parse(Unknown Source)
	at com.gargoylesoftware.htmlunit.html.HTMLParser$HtmlUnitDOMBuilder.parse(HTMLParser.java:998)
	at com.gargoylesoftware.htmlunit.html.HTMLParser.parseFragment(HTMLParser.java:178)
	at com.gargoylesoftware.htmlunit.html.HTMLParser.parseFragment(HTMLParser.java:133)
	at com.gargoylesoftware.htmlunit.javascript.host.Element.parseHtmlSnippet(Element.java:868)
	at com.gargoylesoftware.htmlunit.javascript.host.Element.setOuterHTML(Element.java:998)
	at com.gargoylesoftware.htmlunit.javascript.host.html.HTMLElement.setOuterHTML(HTMLElement.java:635)
	at sun.reflect.NativeMethodAccessorImpl.invoke0(Native Method)
	at sun.reflect.NativeMethodAccessorImpl.invoke(NativeMethodAccessorImpl.java:62)
	at sun.reflect.DelegatingMethodAccessorImpl.invoke(DelegatingMethodAccessorImpl.java:43)
	at java.lang.reflect.Method.invoke(Method.java:498)
	at net.sourceforge.htmlunit.corejs.javascript.MemberBox.invoke(MemberBox.java:174)
	... 95 more
======= EXCEPTION END ========

Apr 17, 2019 7:17:39 PM com.gargoylesoftware.htmlunit.javascript.host.css.CSSStyleSheet pixelValue
WARNING: CSSValue 'md' has to be a 'px', 'em', '%', 'mm', 'ex', or 'pt' value.
Apr 17, 2019 7:17:39 PM com.gargoylesoftware.htmlunit.javascript.host.css.CSSStyleSheet pixelValue
WARNING: CSSValue 'sm' has to be a 'px', 'em', '%', 'mm', 'ex', or 'pt' value.
Apr 17, 2019 7:17:41 PM com.gargoylesoftware.htmlunit.IncorrectnessListenerImpl notify
WARNING: Obsolete content type encountered: 'application/x-javascript'.
Apr 17, 2019 7:17:41 PM com.gargoylesoftware.htmlunit.IncorrectnessListenerImpl notify
WARNING: Obsolete content type encountered: 'application/x-javascript'.
Apr 17, 2019 7:17:41 PM com.gargoylesoftware.htmlunit.javascript.StrictErrorReporter runtimeError
SEVERE: runtimeError: message=[Property 0 not found.] sourceName=[https://connect.facebook.net/signals/config/707821142752715?v=2.8.47&r=stable] line=[22] lineSource=[null] lineOffset=[0]
Apr 17, 2019 7:17:41 PM com.gargoylesoftware.htmlunit.javascript.JavaScriptEngine handleJavaScriptException
INFO: Caught script exception
======= EXCEPTION START ========
Exception class=[java.lang.ClassCastException]
com.gargoylesoftware.htmlunit.ScriptException: net.sourceforge.htmlunit.corejs.javascript.SymbolKey cannot be cast to java.lang.String
	at com.gargoylesoftware.htmlunit.javascript.JavaScriptEngine$HtmlUnitContextAction.run(JavaScriptEngine.java:885)
	at net.sourceforge.htmlunit.corejs.javascript.Context.call(Context.java:617)
	at net.sourceforge.htmlunit.corejs.javascript.ContextFactory.call(ContextFactory.java:534)
	at com.gargoylesoftware.htmlunit.javascript.JavaScriptEngine.execute(JavaScriptEngine.java:765)
	at com.gargoylesoftware.htmlunit.javascript.JavaScriptEngine.execute(JavaScriptEngine.java:741)
	at com.gargoylesoftware.htmlunit.javascript.JavaScriptEngine.execute(JavaScriptEngine.java:104)
	at com.gargoylesoftware.htmlunit.html.HtmlPage.loadExternalJavaScriptFile(HtmlPage.java:997)
	at com.gargoylesoftware.htmlunit.html.HtmlScript.executeScriptIfNeeded(HtmlScript.java:373)
	at com.gargoylesoftware.htmlunit.html.HtmlScript$2.execute(HtmlScript.java:247)
	at com.gargoylesoftware.htmlunit.javascript.JavaScriptEngine.doProcessPostponedActions(JavaScriptEngine.java:936)
	at com.gargoylesoftware.htmlunit.javascript.JavaScriptEngine.access$200(JavaScriptEngine.java:104)
	at com.gargoylesoftware.htmlunit.javascript.JavaScriptEngine$HtmlUnitContextAction.run(JavaScriptEngine.java:880)
	at net.sourceforge.htmlunit.corejs.javascript.Context.call(Context.java:617)
	at net.sourceforge.htmlunit.corejs.javascript.ContextFactory.call(ContextFactory.java:534)
	at com.gargoylesoftware.htmlunit.javascript.JavaScriptEngine.execute(JavaScriptEngine.java:765)
	at com.gargoylesoftware.htmlunit.javascript.JavaScriptEngine.execute(JavaScriptEngine.java:741)
	at com.gargoylesoftware.htmlunit.javascript.JavaScriptEngine.execute(JavaScriptEngine.java:104)
	at com.gargoylesoftware.htmlunit.html.HtmlPage.loadExternalJavaScriptFile(HtmlPage.java:997)
	at com.gargoylesoftware.htmlunit.html.HtmlScript.executeScriptIfNeeded(HtmlScript.java:373)
	at com.gargoylesoftware.htmlunit.html.HtmlScript$2.execute(HtmlScript.java:247)
	at com.gargoylesoftware.htmlunit.javascript.JavaScriptEngine.doProcessPostponedActions(JavaScriptEngine.java:936)
	at com.gargoylesoftware.htmlunit.javascript.JavaScriptEngine.access$200(JavaScriptEngine.java:104)
	at com.gargoylesoftware.htmlunit.javascript.JavaScriptEngine$HtmlUnitContextAction.run(JavaScriptEngine.java:880)
	at net.sourceforge.htmlunit.corejs.javascript.Context.call(Context.java:617)
	at net.sourceforge.htmlunit.corejs.javascript.ContextFactory.call(ContextFactory.java:534)
	at com.gargoylesoftware.htmlunit.javascript.JavaScriptEngine.execute(JavaScriptEngine.java:765)
	at com.gargoylesoftware.htmlunit.javascript.JavaScriptEngine.execute(JavaScriptEngine.java:741)
	at com.gargoylesoftware.htmlunit.javascript.JavaScriptEngine.execute(JavaScriptEngine.java:732)
	at com.gargoylesoftware.htmlunit.html.HtmlPage.executeJavaScript(HtmlPage.java:922)
	at com.gargoylesoftware.htmlunit.html.HtmlScript.executeInlineScriptIfNeeded(HtmlScript.java:317)
	at com.gargoylesoftware.htmlunit.html.HtmlScript.executeScriptIfNeeded(HtmlScript.java:398)
	at com.gargoylesoftware.htmlunit.html.HtmlScript$2.execute(HtmlScript.java:247)
	at com.gargoylesoftware.htmlunit.html.HtmlScript.onAllChildrenAddedToPage(HtmlScript.java:268)
	at com.gargoylesoftware.htmlunit.html.DomNode.fireAddition(DomNode.java:1075)
	at com.gargoylesoftware.htmlunit.html.DomNode.appendChild(DomNode.java:960)
	at com.gargoylesoftware.htmlunit.html.DomNode.insertBefore(DomNode.java:1001)
	at com.gargoylesoftware.htmlunit.javascript.host.dom.Node.insertBeforeImpl(Node.java:352)
	at com.gargoylesoftware.htmlunit.javascript.host.dom.Node.insertBefore(Node.java:287)
	at sun.reflect.NativeMethodAccessorImpl.invoke0(Native Method)
	at sun.reflect.NativeMethodAccessorImpl.invoke(NativeMethodAccessorImpl.java:62)
	at sun.reflect.DelegatingMethodAccessorImpl.invoke(DelegatingMethodAccessorImpl.java:43)
	at java.lang.reflect.Method.invoke(Method.java:498)
	at net.sourceforge.htmlunit.corejs.javascript.MemberBox.invoke(MemberBox.java:174)
	at net.sourceforge.htmlunit.corejs.javascript.FunctionObject.call(FunctionObject.java:387)
	at net.sourceforge.htmlunit.corejs.javascript.Interpreter.interpretLoop(Interpreter.java:1675)
	at net.sourceforge.htmlunit.corejs.javascript.Interpreter.interpret(Interpreter.java:1010)
	at net.sourceforge.htmlunit.corejs.javascript.InterpretedFunction.call(InterpretedFunction.java:111)
	at net.sourceforge.htmlunit.corejs.javascript.ContextFactory.doTopCall(ContextFactory.java:424)
	at com.gargoylesoftware.htmlunit.javascript.HtmlUnitContextFactory.doTopCall(HtmlUnitContextFactory.java:327)
	at net.sourceforge.htmlunit.corejs.javascript.ScriptRuntime.doTopCall(ScriptRuntime.java:3619)
	at com.gargoylesoftware.htmlunit.javascript.JavaScriptEngine$3.doRun(JavaScriptEngine.java:807)
	at com.gargoylesoftware.htmlunit.javascript.JavaScriptEngine$HtmlUnitContextAction.run(JavaScriptEngine.java:870)
	at net.sourceforge.htmlunit.corejs.javascript.Context.call(Context.java:617)
	at net.sourceforge.htmlunit.corejs.javascript.ContextFactory.call(ContextFactory.java:534)
	at com.gargoylesoftware.htmlunit.javascript.JavaScriptEngine.callFunction(JavaScriptEngine.java:814)
	at com.gargoylesoftware.htmlunit.javascript.JavaScriptEngine.callFunction(JavaScriptEngine.java:786)
	at com.gargoylesoftware.htmlunit.html.HtmlPage.executeJavaScriptFunction(HtmlPage.java:2533)
	at com.gargoylesoftware.htmlunit.html.HtmlPage.executeJavaScriptFunction(HtmlPage.java:2526)
	at com.gargoylesoftware.htmlunit.javascript.background.JavaScriptFunctionJob.runJavaScript(JavaScriptFunctionJob.java:57)
	at com.gargoylesoftware.htmlunit.javascript.background.JavaScriptExecutionJob.run(JavaScriptExecutionJob.java:102)
	at com.gargoylesoftware.htmlunit.javascript.background.JavaScriptJobManagerImpl.runSingleJob(JavaScriptJobManagerImpl.java:424)
	at com.gargoylesoftware.htmlunit.javascript.background.DefaultJavaScriptExecutor.run(DefaultJavaScriptExecutor.java:148)
	at java.lang.Thread.run(Thread.java:748)
Caused by: java.lang.ClassCastException: net.sourceforge.htmlunit.corejs.javascript.SymbolKey cannot be cast to java.lang.String
	at net.sourceforge.htmlunit.corejs.javascript.IdScriptableObject$PrototypeValues.set(IdScriptableObject.java:214)
	at net.sourceforge.htmlunit.corejs.javascript.IdScriptableObject.put(IdScriptableObject.java:508)
	at net.sourceforge.htmlunit.corejs.javascript.ScriptableObject.putProperty(ScriptableObject.java:2543)
	at net.sourceforge.htmlunit.corejs.javascript.ScriptRuntime.setObjectElem(ScriptRuntime.java:1700)
	at net.sourceforge.htmlunit.corejs.javascript.ScriptRuntime.setObjectElem(ScriptRuntime.java:1691)
	at net.sourceforge.htmlunit.corejs.javascript.Interpreter.doSetElem(Interpreter.java:2438)
	at net.sourceforge.htmlunit.corejs.javascript.Interpreter.interpretLoop(Interpreter.java:1466)
	at net.sourceforge.htmlunit.corejs.javascript.Interpreter.interpret(Interpreter.java:1010)
	at net.sourceforge.htmlunit.corejs.javascript.InterpretedFunction.exec(InterpretedFunction.java:126)
	at com.gargoylesoftware.htmlunit.javascript.JavaScriptEngine$2.doRun(JavaScriptEngine.java:756)
	at com.gargoylesoftware.htmlunit.javascript.JavaScriptEngine$HtmlUnitContextAction.run(JavaScriptEngine.java:870)
	... 62 more
Enclosed exception: 
java.lang.ClassCastException: net.sourceforge.htmlunit.corejs.javascript.SymbolKey cannot be cast to java.lang.String
	at net.sourceforge.htmlunit.corejs.javascript.IdScriptableObject$PrototypeValues.set(IdScriptableObject.java:214)
	at net.sourceforge.htmlunit.corejs.javascript.IdScriptableObject.put(IdScriptableObject.java:508)
	at net.sourceforge.htmlunit.corejs.javascript.ScriptableObject.putProperty(ScriptableObject.java:2543)
	at net.sourceforge.htmlunit.corejs.javascript.ScriptRuntime.setObjectElem(ScriptRuntime.java:1700)
	at net.sourceforge.htmlunit.corejs.javascript.ScriptRuntime.setObjectElem(ScriptRuntime.java:1691)
	at net.sourceforge.htmlunit.corejs.javascript.Interpreter.doSetElem(Interpreter.java:2438)
	at net.sourceforge.htmlunit.corejs.javascript.Interpreter.interpretLoop(Interpreter.java:1466)
	at net.sourceforge.htmlunit.corejs.javascript.Interpreter.interpret(Interpreter.java:1010)
	at net.sourceforge.htmlunit.corejs.javascript.InterpretedFunction.exec(InterpretedFunction.java:126)
	at com.gargoylesoftware.htmlunit.javascript.JavaScriptEngine$2.doRun(JavaScriptEngine.java:756)
	at com.gargoylesoftware.htmlunit.javascript.JavaScriptEngine$HtmlUnitContextAction.run(JavaScriptEngine.java:870)
	at net.sourceforge.htmlunit.corejs.javascript.Context.call(Context.java:617)
	at net.sourceforge.htmlunit.corejs.javascript.ContextFactory.call(ContextFactory.java:534)
	at com.gargoylesoftware.htmlunit.javascript.JavaScriptEngine.execute(JavaScriptEngine.java:765)
	at com.gargoylesoftware.htmlunit.javascript.JavaScriptEngine.execute(JavaScriptEngine.java:741)
	at com.gargoylesoftware.htmlunit.javascript.JavaScriptEngine.execute(JavaScriptEngine.java:104)
	at com.gargoylesoftware.htmlunit.html.HtmlPage.loadExternalJavaScriptFile(HtmlPage.java:997)
	at com.gargoylesoftware.htmlunit.html.HtmlScript.executeScriptIfNeeded(HtmlScript.java:373)
	at com.gargoylesoftware.htmlunit.html.HtmlScript$2.execute(HtmlScript.java:247)
	at com.gargoylesoftware.htmlunit.javascript.JavaScriptEngine.doProcessPostponedActions(JavaScriptEngine.java:936)
	at com.gargoylesoftware.htmlunit.javascript.JavaScriptEngine.access$200(JavaScriptEngine.java:104)
	at com.gargoylesoftware.htmlunit.javascript.JavaScriptEngine$HtmlUnitContextAction.run(JavaScriptEngine.java:880)
	at net.sourceforge.htmlunit.corejs.javascript.Context.call(Context.java:617)
	at net.sourceforge.htmlunit.corejs.javascript.ContextFactory.call(ContextFactory.java:534)
	at com.gargoylesoftware.htmlunit.javascript.JavaScriptEngine.execute(JavaScriptEngine.java:765)
	at com.gargoylesoftware.htmlunit.javascript.JavaScriptEngine.execute(JavaScriptEngine.java:741)
	at com.gargoylesoftware.htmlunit.javascript.JavaScriptEngine.execute(JavaScriptEngine.java:104)
	at com.gargoylesoftware.htmlunit.html.HtmlPage.loadExternalJavaScriptFile(HtmlPage.java:997)
	at com.gargoylesoftware.htmlunit.html.HtmlScript.executeScriptIfNeeded(HtmlScript.java:373)
	at com.gargoylesoftware.htmlunit.html.HtmlScript$2.execute(HtmlScript.java:247)
	at com.gargoylesoftware.htmlunit.javascript.JavaScriptEngine.doProcessPostponedActions(JavaScriptEngine.java:936)
	at com.gargoylesoftware.htmlunit.javascript.JavaScriptEngine.access$200(JavaScriptEngine.java:104)
	at com.gargoylesoftware.htmlunit.javascript.JavaScriptEngine$HtmlUnitContextAction.run(JavaScriptEngine.java:880)
	at net.sourceforge.htmlunit.corejs.javascript.Context.call(Context.java:617)
	at net.sourceforge.htmlunit.corejs.javascript.ContextFactory.call(ContextFactory.java:534)
	at com.gargoylesoftware.htmlunit.javascript.JavaScriptEngine.execute(JavaScriptEngine.java:765)
	at com.gargoylesoftware.htmlunit.javascript.JavaScriptEngine.execute(JavaScriptEngine.java:741)
	at com.gargoylesoftware.htmlunit.javascript.JavaScriptEngine.execute(JavaScriptEngine.java:732)
	at com.gargoylesoftware.htmlunit.html.HtmlPage.executeJavaScript(HtmlPage.java:922)
	at com.gargoylesoftware.htmlunit.html.HtmlScript.executeInlineScriptIfNeeded(HtmlScript.java:317)
	at com.gargoylesoftware.htmlunit.html.HtmlScript.executeScriptIfNeeded(HtmlScript.java:398)
	at com.gargoylesoftware.htmlunit.html.HtmlScript$2.execute(HtmlScript.java:247)
	at com.gargoylesoftware.htmlunit.html.HtmlScript.onAllChildrenAddedToPage(HtmlScript.java:268)
	at com.gargoylesoftware.htmlunit.html.DomNode.fireAddition(DomNode.java:1075)
	at com.gargoylesoftware.htmlunit.html.DomNode.appendChild(DomNode.java:960)
	at com.gargoylesoftware.htmlunit.html.DomNode.insertBefore(DomNode.java:1001)
	at com.gargoylesoftware.htmlunit.javascript.host.dom.Node.insertBeforeImpl(Node.java:352)
	at com.gargoylesoftware.htmlunit.javascript.host.dom.Node.insertBefore(Node.java:287)
	at sun.reflect.NativeMethodAccessorImpl.invoke0(Native Method)
	at sun.reflect.NativeMethodAccessorImpl.invoke(NativeMethodAccessorImpl.java:62)
	at sun.reflect.DelegatingMethodAccessorImpl.invoke(DelegatingMethodAccessorImpl.java:43)
	at java.lang.reflect.Method.invoke(Method.java:498)
	at net.sourceforge.htmlunit.corejs.javascript.MemberBox.invoke(MemberBox.java:174)
	at net.sourceforge.htmlunit.corejs.javascript.FunctionObject.call(FunctionObject.java:387)
	at net.sourceforge.htmlunit.corejs.javascript.Interpreter.interpretLoop(Interpreter.java:1675)
	at net.sourceforge.htmlunit.corejs.javascript.Interpreter.interpret(Interpreter.java:1010)
	at net.sourceforge.htmlunit.corejs.javascript.InterpretedFunction.call(InterpretedFunction.java:111)
	at net.sourceforge.htmlunit.corejs.javascript.ContextFactory.doTopCall(ContextFactory.java:424)
	at com.gargoylesoftware.htmlunit.javascript.HtmlUnitContextFactory.doTopCall(HtmlUnitContextFactory.java:327)
	at net.sourceforge.htmlunit.corejs.javascript.ScriptRuntime.doTopCall(ScriptRuntime.java:3619)
	at com.gargoylesoftware.htmlunit.javascript.JavaScriptEngine$3.doRun(JavaScriptEngine.java:807)
	at com.gargoylesoftware.htmlunit.javascript.JavaScriptEngine$HtmlUnitContextAction.run(JavaScriptEngine.java:870)
	at net.sourceforge.htmlunit.corejs.javascript.Context.call(Context.java:617)
	at net.sourceforge.htmlunit.corejs.javascript.ContextFactory.call(ContextFactory.java:534)
	at com.gargoylesoftware.htmlunit.javascript.JavaScriptEngine.callFunction(JavaScriptEngine.java:814)
	at com.gargoylesoftware.htmlunit.javascript.JavaScriptEngine.callFunction(JavaScriptEngine.java:786)
	at com.gargoylesoftware.htmlunit.html.HtmlPage.executeJavaScriptFunction(HtmlPage.java:2533)
	at com.gargoylesoftware.htmlunit.html.HtmlPage.executeJavaScriptFunction(HtmlPage.java:2526)
	at com.gargoylesoftware.htmlunit.javascript.background.JavaScriptFunctionJob.runJavaScript(JavaScriptFunctionJob.java:57)
	at com.gargoylesoftware.htmlunit.javascript.background.JavaScriptExecutionJob.run(JavaScriptExecutionJob.java:102)
	at com.gargoylesoftware.htmlunit.javascript.background.JavaScriptJobManagerImpl.runSingleJob(JavaScriptJobManagerImpl.java:424)
	at com.gargoylesoftware.htmlunit.javascript.background.DefaultJavaScriptExecutor.run(DefaultJavaScriptExecutor.java:148)
	at java.lang.Thread.run(Thread.java:748)
======= EXCEPTION END ========

Apr 17, 2019 7:17:42 PM com.gargoylesoftware.htmlunit.IncorrectnessListenerImpl notify
WARNING: Obsolete content type encountered: 'text/javascript'.
Apr 17, 2019 7:17:43 PM com.gargoylesoftware.htmlunit.IncorrectnessListenerImpl notify
WARNING: Obsolete content type encountered: 'text/javascript'.
Apr 17, 2019 7:17:46 PM com.gargoylesoftware.htmlunit.IncorrectnessListenerImpl notify
WARNING: Expected content type of 'application/javascript' or 'application/ecmascript' for remotely loaded JavaScript element at 'https://resources.xg4ken.com/js/v2/ktag.js?tid=KT-N3EBD-3EB', but got 'text/plain'.
Apr 17, 2019 7:17:50 PM com.gargoylesoftware.htmlunit.javascript.host.css.CSSStyleSheet pixelValue
WARNING: CSSValue 'md' has to be a 'px', 'em', '%', 'mm', 'ex', or 'pt' value.
Apr 17, 2019 7:17:50 PM com.gargoylesoftware.htmlunit.javascript.host.css.CSSStyleSheet pixelValue
WARNING: CSSValue 'sm' has to be a 'px', 'em', '%', 'mm', 'ex', or 'pt' value.
Apr 17, 2019 7:17:50 PM com.gargoylesoftware.htmlunit.javascript.host.css.CSSStyleSheet pixelValue
WARNING: CSSValue 'md' has to be a 'px', 'em', '%', 'mm', 'ex', or 'pt' value.
Apr 17, 2019 7:17:50 PM com.gargoylesoftware.htmlunit.javascript.host.css.CSSStyleSheet pixelValue
WARNING: CSSValue 'sm' has to be a 'px', 'em', '%', 'mm', 'ex', or 'pt' value.
Apr 17, 2019 7:17:50 PM com.gargoylesoftware.htmlunit.javascript.host.css.CSSStyleSheet pixelValue
WARNING: CSSValue 'md' has to be a 'px', 'em', '%', 'mm', 'ex', or 'pt' value.
Apr 17, 2019 7:17:50 PM com.gargoylesoftware.htmlunit.javascript.host.css.CSSStyleSheet pixelValue
WARNING: CSSValue 'sm' has to be a 'px', 'em', '%', 'mm', 'ex', or 'pt' value.
Apr 17, 2019 7:17:51 PM com.gargoylesoftware.htmlunit.WebConsole error
SEVERE: Unhandled promise rejection SyntaxError: Unexpected token: <
Apr 17, 2019 7:17:52 PM com.gargoylesoftware.htmlunit.javascript.host.css.CSSStyleSheet pixelValue
WARNING: CSSValue 'md' has to be a 'px', 'em', '%', 'mm', 'ex', or 'pt' value.
Apr 17, 2019 7:17:52 PM com.gargoylesoftware.htmlunit.javascript.host.css.CSSStyleSheet pixelValue
WARNING: CSSValue 'sm' has to be a 'px', 'em', '%', 'mm', 'ex', or 'pt' value.
Apr 17, 2019 7:17:56 PM com.gargoylesoftware.htmlunit.javascript.host.css.CSSStyleSheet pixelValue
WARNING: CSSValue 'md' has to be a 'px', 'em', '%', 'mm', 'ex', or 'pt' value.
Apr 17, 2019 7:17:56 PM com.gargoylesoftware.htmlunit.javascript.host.css.CSSStyleSheet pixelValue
WARNING: CSSValue 'sm' has to be a 'px', 'em', '%', 'mm', 'ex', or 'pt' value.
Apr 17, 2019 7:17:56 PM com.gargoylesoftware.htmlunit.javascript.host.css.CSSStyleSheet pixelValue
WARNING: CSSValue 'md' has to be a 'px', 'em', '%', 'mm', 'ex', or 'pt' value.
Apr 17, 2019 7:17:56 PM com.gargoylesoftware.htmlunit.javascript.host.css.CSSStyleSheet pixelValue
WARNING: CSSValue 'sm' has to be a 'px', 'em', '%', 'mm', 'ex', or 'pt' value.
Apr 17, 2019 7:17:56 PM com.gargoylesoftware.htmlunit.javascript.host.css.CSSStyleSheet pixelValue
WARNING: CSSValue 'md' has to be a 'px', 'em', '%', 'mm', 'ex', or 'pt' value.
Apr 17, 2019 7:17:56 PM com.gargoylesoftware.htmlunit.javascript.host.css.CSSStyleSheet pixelValue
WARNING: CSSValue 'sm' has to be a 'px', 'em', '%', 'mm', 'ex', or 'pt' value.
Apr 17, 2019 7:17:56 PM com.gargoylesoftware.htmlunit.javascript.host.css.CSSStyleSheet pixelValue
WARNING: CSSValue 'md' has to be a 'px', 'em', '%', 'mm', 'ex', or 'pt' value.
Apr 17, 2019 7:17:56 PM com.gargoylesoftware.htmlunit.javascript.host.css.CSSStyleSheet pixelValue
WARNING: CSSValue 'sm' has to be a 'px', 'em', '%', 'mm', 'ex', or 'pt' value.
Apr 17, 2019 7:17:56 PM com.gargoylesoftware.htmlunit.javascript.host.css.CSSStyleSheet pixelValue
WARNING: CSSValue 'md' has to be a 'px', 'em', '%', 'mm', 'ex', or 'pt' value.
Apr 17, 2019 7:17:56 PM com.gargoylesoftware.htmlunit.javascript.host.css.CSSStyleSheet pixelValue
WARNING: CSSValue 'sm' has to be a 'px', 'em', '%', 'mm', 'ex', or 'pt' value.
Apr 17, 2019 7:17:56 PM com.gargoylesoftware.htmlunit.javascript.host.css.CSSStyleSheet pixelValue
WARNING: CSSValue 'md' has to be a 'px', 'em', '%', 'mm', 'ex', or 'pt' value.
Apr 17, 2019 7:17:56 PM com.gargoylesoftware.htmlunit.javascript.host.css.CSSStyleSheet pixelValue
WARNING: CSSValue 'sm' has to be a 'px', 'em', '%', 'mm', 'ex', or 'pt' value.
Apr 17, 2019 7:17:56 PM com.gargoylesoftware.htmlunit.javascript.host.css.CSSStyleSheet pixelValue
WARNING: CSSValue 'md' has to be a 'px', 'em', '%', 'mm', 'ex', or 'pt' value.
Apr 17, 2019 7:17:56 PM com.gargoylesoftware.htmlunit.javascript.host.css.CSSStyleSheet pixelValue
WARNING: CSSValue 'sm' has to be a 'px', 'em', '%', 'mm', 'ex', or 'pt' value.
Apr 17, 2019 7:17:56 PM com.gargoylesoftware.htmlunit.javascript.host.css.CSSStyleSheet pixelValue
WARNING: CSSValue 'md' has to be a 'px', 'em', '%', 'mm', 'ex', or 'pt' value.
Apr 17, 2019 7:17:56 PM com.gargoylesoftware.htmlunit.javascript.host.css.CSSStyleSheet pixelValue
WARNING: CSSValue 'sm' has to be a 'px', 'em', '%', 'mm', 'ex', or 'pt' value.
Apr 17, 2019 7:17:56 PM com.gargoylesoftware.htmlunit.javascript.host.css.CSSStyleSheet pixelValue
WARNING: CSSValue 'md' has to be a 'px', 'em', '%', 'mm', 'ex', or 'pt' value.
Apr 17, 2019 7:17:56 PM com.gargoylesoftware.htmlunit.javascript.host.css.CSSStyleSheet pixelValue
WARNING: CSSValue 'sm' has to be a 'px', 'em', '%', 'mm', 'ex', or 'pt' value.
Apr 17, 2019 7:17:57 PM com.gargoylesoftware.htmlunit.javascript.host.css.CSSStyleSheet pixelValue
WARNING: CSSValue 'md' has to be a 'px', 'em', '%', 'mm', 'ex', or 'pt' value.
Apr 17, 2019 7:17:57 PM com.gargoylesoftware.htmlunit.javascript.host.css.CSSStyleSheet pixelValue
WARNING: CSSValue 'sm' has to be a 'px', 'em', '%', 'mm', 'ex', or 'pt' value.
Apr 17, 2019 7:17:57 PM com.gargoylesoftware.htmlunit.javascript.host.css.CSSStyleSheet pixelValue
WARNING: CSSValue 'md' has to be a 'px', 'em', '%', 'mm', 'ex', or 'pt' value.
Apr 17, 2019 7:17:57 PM com.gargoylesoftware.htmlunit.javascript.host.css.CSSStyleSheet pixelValue
WARNING: CSSValue 'sm' has to be a 'px', 'em', '%', 'mm', 'ex', or 'pt' value.
Apr 17, 2019 7:17:57 PM com.gargoylesoftware.htmlunit.javascript.JavaScriptEngine handleJavaScriptException
INFO: Caught script exception
======= EXCEPTION START ========
EcmaError: lineNumber=[1] column=[0] lineSource=[<no source>] name=[ReferenceError] sourceName=[injected script] message=[ReferenceError: "a" is not defined. (injected script#1)]
com.gargoylesoftware.htmlunit.ScriptException: ReferenceError: "a" is not defined. (injected script#1)
	at com.gargoylesoftware.htmlunit.javascript.JavaScriptEngine$HtmlUnitContextAction.run(JavaScriptEngine.java:885)
	at net.sourceforge.htmlunit.corejs.javascript.Context.call(Context.java:617)
	at net.sourceforge.htmlunit.corejs.javascript.ContextFactory.call(ContextFactory.java:534)
	at com.gargoylesoftware.htmlunit.javascript.JavaScriptEngine.execute(JavaScriptEngine.java:765)
	at com.gargoylesoftware.htmlunit.javascript.JavaScriptEngine.execute(JavaScriptEngine.java:741)
	at com.gargoylesoftware.htmlunit.javascript.JavaScriptEngine.execute(JavaScriptEngine.java:732)
	at com.gargoylesoftware.htmlunit.html.HtmlPage.executeJavaScript(HtmlPage.java:922)
	at com.gargoylesoftware.htmlunit.html.HtmlPage.executeJavaScript(HtmlPage.java:887)
	at com.supermarket.SuperWalMart.search(SuperWalMart.java:67)
	at com.aws.Configuration.execute(Configuration.java:121)
	at com.stage.api.ms.entity.ComprasTest.method(ComprasTest.java:55)
	at sun.reflect.NativeMethodAccessorImpl.invoke0(Native Method)
	at sun.reflect.NativeMethodAccessorImpl.invoke(NativeMethodAccessorImpl.java:62)
	at sun.reflect.DelegatingMethodAccessorImpl.invoke(DelegatingMethodAccessorImpl.java:43)
	at java.lang.reflect.Method.invoke(Method.java:498)
	at org.junit.runners.model.FrameworkMethod$1.runReflectiveCall(FrameworkMethod.java:50)
	at org.junit.internal.runners.model.ReflectiveCallable.run(ReflectiveCallable.java:12)
	at org.junit.runners.model.FrameworkMethod.invokeExplosively(FrameworkMethod.java:47)
	at org.junit.internal.runners.statements.InvokeMethod.evaluate(InvokeMethod.java:17)
	at org.junit.internal.runners.statements.RunBefores.evaluate(RunBefores.java:26)
	at org.junit.runners.ParentRunner.runLeaf(ParentRunner.java:325)
	at org.junit.runners.BlockJUnit4ClassRunner.runChild(BlockJUnit4ClassRunner.java:78)
	at org.junit.runners.BlockJUnit4ClassRunner.runChild(BlockJUnit4ClassRunner.java:57)
	at org.junit.runners.ParentRunner$3.run(ParentRunner.java:290)
	at org.junit.runners.ParentRunner$1.schedule(ParentRunner.java:71)
	at org.junit.runners.ParentRunner.runChildren(ParentRunner.java:288)
	at org.junit.runners.ParentRunner.access$000(ParentRunner.java:58)
	at org.junit.runners.ParentRunner$2.evaluate(ParentRunner.java:268)
	at org.junit.runners.ParentRunner.run(ParentRunner.java:363)
	at org.junit.runner.JUnitCore.run(JUnitCore.java:137)
	at org.junit.runner.JUnitCore.run(JUnitCore.java:115)
	at org.junit.vintage.engine.execution.RunnerExecutor.execute(RunnerExecutor.java:39)
	at java.util.stream.ForEachOps$ForEachOp$OfRef.accept(ForEachOps.java:184)
	at java.util.stream.ReferencePipeline$3$1.accept(ReferencePipeline.java:193)
	at java.util.Iterator.forEachRemaining(Iterator.java:116)
	at java.util.Spliterators$IteratorSpliterator.forEachRemaining(Spliterators.java:1801)
	at java.util.stream.AbstractPipeline.copyInto(AbstractPipeline.java:481)
	at java.util.stream.AbstractPipeline.wrapAndCopyInto(AbstractPipeline.java:471)
	at java.util.stream.ForEachOps$ForEachOp.evaluateSequential(ForEachOps.java:151)
	at java.util.stream.ForEachOps$ForEachOp$OfRef.evaluateSequential(ForEachOps.java:174)
	at java.util.stream.AbstractPipeline.evaluate(AbstractPipeline.java:234)
	at java.util.stream.ReferencePipeline.forEach(ReferencePipeline.java:418)
	at org.junit.vintage.engine.VintageTestEngine.executeAllChildren(VintageTestEngine.java:79)
	at org.junit.vintage.engine.VintageTestEngine.execute(VintageTestEngine.java:70)
	at org.junit.platform.launcher.core.DefaultLauncher.execute(DefaultLauncher.java:220)
	at org.junit.platform.launcher.core.DefaultLauncher.lambda$execute$6(DefaultLauncher.java:188)
	at org.junit.platform.launcher.core.DefaultLauncher.withInterceptedStreams(DefaultLauncher.java:202)
	at org.junit.platform.launcher.core.DefaultLauncher.execute(DefaultLauncher.java:181)
	at org.junit.platform.launcher.core.DefaultLauncher.execute(DefaultLauncher.java:128)
	at org.apache.maven.surefire.junitplatform.JUnitPlatformProvider.invokeAllTests(JUnitPlatformProvider.java:142)
	at org.apache.maven.surefire.junitplatform.JUnitPlatformProvider.invoke(JUnitPlatformProvider.java:117)
	at org.apache.maven.surefire.booter.ForkedBooter.invokeProviderInSameClassLoader(ForkedBooter.java:384)
	at org.apache.maven.surefire.booter.ForkedBooter.runSuitesInProcess(ForkedBooter.java:345)
	at org.apache.maven.surefire.booter.ForkedBooter.execute(ForkedBooter.java:126)
	at org.apache.maven.surefire.booter.ForkedBooter.main(ForkedBooter.java:418)
Caused by: net.sourceforge.htmlunit.corejs.javascript.EcmaError: ReferenceError: "a" is not defined. (injected script#1)
	at net.sourceforge.htmlunit.corejs.javascript.ScriptRuntime.constructError(ScriptRuntime.java:4325)
	at net.sourceforge.htmlunit.corejs.javascript.ScriptRuntime.constructError(ScriptRuntime.java:4303)
	at net.sourceforge.htmlunit.corejs.javascript.ScriptRuntime.notFoundError(ScriptRuntime.java:4397)
	at net.sourceforge.htmlunit.corejs.javascript.ScriptRuntime.name(ScriptRuntime.java:1935)
	at net.sourceforge.htmlunit.corejs.javascript.Interpreter.interpretLoop(Interpreter.java:1752)
	at net.sourceforge.htmlunit.corejs.javascript.Interpreter.interpret(Interpreter.java:1010)
	at net.sourceforge.htmlunit.corejs.javascript.InterpretedFunction.call(InterpretedFunction.java:111)
	at net.sourceforge.htmlunit.corejs.javascript.ContextFactory.doTopCall(ContextFactory.java:424)
	at com.gargoylesoftware.htmlunit.javascript.HtmlUnitContextFactory.doTopCall(HtmlUnitContextFactory.java:327)
	at net.sourceforge.htmlunit.corejs.javascript.ScriptRuntime.doTopCall(ScriptRuntime.java:3619)
	at net.sourceforge.htmlunit.corejs.javascript.InterpretedFunction.exec(InterpretedFunction.java:123)
	at com.gargoylesoftware.htmlunit.javascript.JavaScriptEngine$2.doRun(JavaScriptEngine.java:756)
	at com.gargoylesoftware.htmlunit.javascript.JavaScriptEngine$HtmlUnitContextAction.run(JavaScriptEngine.java:870)
	... 54 more
Enclosed exception: 
net.sourceforge.htmlunit.corejs.javascript.EcmaError: ReferenceError: "a" is not defined. (injected script#1)
	at net.sourceforge.htmlunit.corejs.javascript.ScriptRuntime.constructError(ScriptRuntime.java:4325)
	at net.sourceforge.htmlunit.corejs.javascript.ScriptRuntime.constructError(ScriptRuntime.java:4303)
	at net.sourceforge.htmlunit.corejs.javascript.ScriptRuntime.notFoundError(ScriptRuntime.java:4397)
	at net.sourceforge.htmlunit.corejs.javascript.ScriptRuntime.name(ScriptRuntime.java:1935)
	at net.sourceforge.htmlunit.corejs.javascript.Interpreter.interpretLoop(Interpreter.java:1752)
	at script(injected script:1)
	at net.sourceforge.htmlunit.corejs.javascript.Interpreter.interpret(Interpreter.java:1010)
	at net.sourceforge.htmlunit.corejs.javascript.InterpretedFunction.call(InterpretedFunction.java:111)
	at net.sourceforge.htmlunit.corejs.javascript.ContextFactory.doTopCall(ContextFactory.java:424)
	at com.gargoylesoftware.htmlunit.javascript.HtmlUnitContextFactory.doTopCall(HtmlUnitContextFactory.java:327)
	at net.sourceforge.htmlunit.corejs.javascript.ScriptRuntime.doTopCall(ScriptRuntime.java:3619)
	at net.sourceforge.htmlunit.corejs.javascript.InterpretedFunction.exec(InterpretedFunction.java:123)
	at com.gargoylesoftware.htmlunit.javascript.JavaScriptEngine$2.doRun(JavaScriptEngine.java:756)
	at com.gargoylesoftware.htmlunit.javascript.JavaScriptEngine$HtmlUnitContextAction.run(JavaScriptEngine.java:870)
	at net.sourceforge.htmlunit.corejs.javascript.Context.call(Context.java:617)
	at net.sourceforge.htmlunit.corejs.javascript.ContextFactory.call(ContextFactory.java:534)
	at com.gargoylesoftware.htmlunit.javascript.JavaScriptEngine.execute(JavaScriptEngine.java:765)
	at com.gargoylesoftware.htmlunit.javascript.JavaScriptEngine.execute(JavaScriptEngine.java:741)
	at com.gargoylesoftware.htmlunit.javascript.JavaScriptEngine.execute(JavaScriptEngine.java:732)
	at com.gargoylesoftware.htmlunit.html.HtmlPage.executeJavaScript(HtmlPage.java:922)
	at com.gargoylesoftware.htmlunit.html.HtmlPage.executeJavaScript(HtmlPage.java:887)
	at com.supermarket.SuperWalMart.search(SuperWalMart.java:67)
	at com.aws.Configuration.execute(Configuration.java:121)
	at com.stage.api.ms.entity.ComprasTest.method(ComprasTest.java:55)
	at sun.reflect.NativeMethodAccessorImpl.invoke0(Native Method)
	at sun.reflect.NativeMethodAccessorImpl.invoke(NativeMethodAccessorImpl.java:62)
	at sun.reflect.DelegatingMethodAccessorImpl.invoke(DelegatingMethodAccessorImpl.java:43)
	at java.lang.reflect.Method.invoke(Method.java:498)
	at org.junit.runners.model.FrameworkMethod$1.runReflectiveCall(FrameworkMethod.java:50)
	at org.junit.internal.runners.model.ReflectiveCallable.run(ReflectiveCallable.java:12)
	at org.junit.runners.model.FrameworkMethod.invokeExplosively(FrameworkMethod.java:47)
	at org.junit.internal.runners.statements.InvokeMethod.evaluate(InvokeMethod.java:17)
	at org.junit.internal.runners.statements.RunBefores.evaluate(RunBefores.java:26)
	at org.junit.runners.ParentRunner.runLeaf(ParentRunner.java:325)
	at org.junit.runners.BlockJUnit4ClassRunner.runChild(BlockJUnit4ClassRunner.java:78)
	at org.junit.runners.BlockJUnit4ClassRunner.runChild(BlockJUnit4ClassRunner.java:57)
	at org.junit.runners.ParentRunner$3.run(ParentRunner.java:290)
	at org.junit.runners.ParentRunner$1.schedule(ParentRunner.java:71)
	at org.junit.runners.ParentRunner.runChildren(ParentRunner.java:288)
	at org.junit.runners.ParentRunner.access$000(ParentRunner.java:58)
	at org.junit.runners.ParentRunner$2.evaluate(ParentRunner.java:268)
	at org.junit.runners.ParentRunner.run(ParentRunner.java:363)
	at org.junit.runner.JUnitCore.run(JUnitCore.java:137)
	at org.junit.runner.JUnitCore.run(JUnitCore.java:115)
	at org.junit.vintage.engine.execution.RunnerExecutor.execute(RunnerExecutor.java:39)
	at java.util.stream.ForEachOps$ForEachOp$OfRef.accept(ForEachOps.java:184)
	at java.util.stream.ReferencePipeline$3$1.accept(ReferencePipeline.java:193)
	at java.util.Iterator.forEachRemaining(Iterator.java:116)
	at java.util.Spliterators$IteratorSpliterator.forEachRemaining(Spliterators.java:1801)
	at java.util.stream.AbstractPipeline.copyInto(AbstractPipeline.java:481)
	at java.util.stream.AbstractPipeline.wrapAndCopyInto(AbstractPipeline.java:471)
	at java.util.stream.ForEachOps$ForEachOp.evaluateSequential(ForEachOps.java:151)
	at java.util.stream.ForEachOps$ForEachOp$OfRef.evaluateSequential(ForEachOps.java:174)
	at java.util.stream.AbstractPipeline.evaluate(AbstractPipeline.java:234)
	at java.util.stream.ReferencePipeline.forEach(ReferencePipeline.java:418)
	at org.junit.vintage.engine.VintageTestEngine.executeAllChildren(VintageTestEngine.java:79)
	at org.junit.vintage.engine.VintageTestEngine.execute(VintageTestEngine.java:70)
	at org.junit.platform.launcher.core.DefaultLauncher.execute(DefaultLauncher.java:220)
	at org.junit.platform.launcher.core.DefaultLauncher.lambda$execute$6(DefaultLauncher.java:188)
	at org.junit.platform.launcher.core.DefaultLauncher.withInterceptedStreams(DefaultLauncher.java:202)
	at org.junit.platform.launcher.core.DefaultLauncher.execute(DefaultLauncher.java:181)
	at org.junit.platform.launcher.core.DefaultLauncher.execute(DefaultLauncher.java:128)
	at org.apache.maven.surefire.junitplatform.JUnitPlatformProvider.invokeAllTests(JUnitPlatformProvider.java:142)
	at org.apache.maven.surefire.junitplatform.JUnitPlatformProvider.invoke(JUnitPlatformProvider.java:117)
	at org.apache.maven.surefire.booter.ForkedBooter.invokeProviderInSameClassLoader(ForkedBooter.java:384)
	at org.apache.maven.surefire.booter.ForkedBooter.runSuitesInProcess(ForkedBooter.java:345)
	at org.apache.maven.surefire.booter.ForkedBooter.execute(ForkedBooter.java:126)
	at org.apache.maven.surefire.booter.ForkedBooter.main(ForkedBooter.java:418)
======= EXCEPTION END ========

java.lang.NullPointerException
	at java.io.StringReader.<init>(StringReader.java:50)
	at org.json.simple.parser.JSONParser.parse(Unknown Source)
	at org.json.simple.parser.JSONParser.parse(Unknown Source)
	at com.supermarket.SuperWalMart.search(SuperWalMart.java:71)
	at com.aws.Configuration.execute(Configuration.java:121)
	at com.stage.api.ms.entity.ComprasTest.method(ComprasTest.java:55)
	at sun.reflect.NativeMethodAccessorImpl.invoke0(Native Method)
	at sun.reflect.NativeMethodAccessorImpl.invoke(NativeMethodAccessorImpl.java:62)
	at sun.reflect.DelegatingMethodAccessorImpl.invoke(DelegatingMethodAccessorImpl.java:43)
	at java.lang.reflect.Method.invoke(Method.java:498)
	at org.junit.runners.model.FrameworkMethod$1.runReflectiveCall(FrameworkMethod.java:50)
	at org.junit.internal.runners.model.ReflectiveCallable.run(ReflectiveCallable.java:12)
	at org.junit.runners.model.FrameworkMethod.invokeExplosively(FrameworkMethod.java:47)
	at org.junit.internal.runners.statements.InvokeMethod.evaluate(InvokeMethod.java:17)
	at org.junit.internal.runners.statements.RunBefores.evaluate(RunBefores.java:26)
	at org.junit.runners.ParentRunner.runLeaf(ParentRunner.java:325)
	at org.junit.runners.BlockJUnit4ClassRunner.runChild(BlockJUnit4ClassRunner.java:78)
	at org.junit.runners.BlockJUnit4ClassRunner.runChild(BlockJUnit4ClassRunner.java:57)
	at org.junit.runners.ParentRunner$3.run(ParentRunner.java:290)
	at org.junit.runners.ParentRunner$1.schedule(ParentRunner.java:71)
	at org.junit.runners.ParentRunner.runChildren(ParentRunner.java:288)
	at org.junit.runners.ParentRunner.access$000(ParentRunner.java:58)
	at org.junit.runners.ParentRunner$2.evaluate(ParentRunner.java:268)
	at org.junit.runners.ParentRunner.run(ParentRunner.java:363)
	at org.junit.runner.JUnitCore.run(JUnitCore.java:137)
	at org.junit.runner.JUnitCore.run(JUnitCore.java:115)
	at org.junit.vintage.engine.execution.RunnerExecutor.execute(RunnerExecutor.java:39)
	at java.util.stream.ForEachOps$ForEachOp$OfRef.accept(ForEachOps.java:184)
	at java.util.stream.ReferencePipeline$3$1.accept(ReferencePipeline.java:193)
	at java.util.Iterator.forEachRemaining(Iterator.java:116)
	at java.util.Spliterators$IteratorSpliterator.forEachRemaining(Spliterators.java:1801)
	at java.util.stream.AbstractPipeline.copyInto(AbstractPipeline.java:481)
	at java.util.stream.AbstractPipeline.wrapAndCopyInto(AbstractPipeline.java:471)
	at java.util.stream.ForEachOps$ForEachOp.evaluateSequential(ForEachOps.java:151)
	at java.util.stream.ForEachOps$ForEachOp$OfRef.evaluateSequential(ForEachOps.java:174)
	at java.util.stream.AbstractPipeline.evaluate(AbstractPipeline.java:234)
	at java.util.stream.ReferencePipeline.forEach(ReferencePipeline.java:418)
	at org.junit.vintage.engine.VintageTestEngine.executeAllChildren(VintageTestEngine.java:79)
	at org.junit.vintage.engine.VintageTestEngine.execute(VintageTestEngine.java:70)
	at org.junit.platform.launcher.core.DefaultLauncher.execute(DefaultLauncher.java:220)
	at org.junit.platform.launcher.core.DefaultLauncher.lambda$execute$6(DefaultLauncher.java:188)
	at org.junit.platform.launcher.core.DefaultLauncher.withInterceptedStreams(DefaultLauncher.java:202)
	at org.junit.platform.launcher.core.DefaultLauncher.execute(DefaultLauncher.java:181)
	at org.junit.platform.launcher.core.DefaultLauncher.execute(DefaultLauncher.java:128)
	at org.apache.maven.surefire.junitplatform.JUnitPlatformProvider.invokeAllTests(JUnitPlatformProvider.java:142)
	at org.apache.maven.surefire.junitplatform.JUnitPlatformProvider.invoke(JUnitPlatformProvider.java:117)
	at org.apache.maven.surefire.booter.ForkedBooter.invokeProviderInSameClassLoader(ForkedBooter.java:384)
	at org.apache.maven.surefire.booter.ForkedBooter.runSuitesInProcess(ForkedBooter.java:345)
	at org.apache.maven.surefire.booter.ForkedBooter.execute(ForkedBooter.java:126)
	at org.apache.maven.surefire.booter.ForkedBooter.main(ForkedBooter.java:418)
]]></system-err>
  </testcase>
</testsuite>